0 info it worked if it ends with ok
1 verbose cli [ 'C:\\Program Files\\nodejs\\node.exe',
1 verbose cli   'C:\\Program Files\\nodejs\\node_modules\\npm\\bin\\npm-cli.js',
1 verbose cli   'install',
1 verbose cli   'run-sequence' ]
2 info using npm@2.14.12
3 info using node@v4.2.4
4 verbose install initial load of D:\GitHub\MyBudget\MyBudget.Client\react\package.json
5 warn package.json ReactCourse2222@0.0.122 No license field.
6 verbose installManyTop reading scoped package data from D:\GitHub\MyBudget\MyBudget.Client\react\node_modules\browser-sync\package.json
7 verbose installManyTop reading scoped package data from D:\GitHub\MyBudget\MyBudget.Client\react\node_modules\browserify\package.json
8 verbose installManyTop reading scoped package data from D:\GitHub\MyBudget\MyBudget.Client\react\node_modules\coffee-reactify\package.json
9 verbose installManyTop reading scoped package data from D:\GitHub\MyBudget\MyBudget.Client\react\node_modules\coffee-script\package.json
10 verbose installManyTop reading scoped package data from D:\GitHub\MyBudget\MyBudget.Client\react\node_modules\del\package.json
11 verbose installManyTop reading scoped package data from D:\GitHub\MyBudget\MyBudget.Client\react\node_modules\fbjs\package.json
12 verbose installManyTop reading scoped package data from D:\GitHub\MyBudget\MyBudget.Client\react\node_modules\gulp\package.json
13 verbose installManyTop reading scoped package data from D:\GitHub\MyBudget\MyBudget.Client\react\node_modules\gulp-autoprefixer\package.json
14 verbose installManyTop reading scoped package data from D:\GitHub\MyBudget\MyBudget.Client\react\node_modules\gulp-less\package.json
15 verbose installManyTop reading scoped package data from D:\GitHub\MyBudget\MyBudget.Client\react\node_modules\gulp-notify\package.json
16 verbose installManyTop reading scoped package data from D:\GitHub\MyBudget\MyBudget.Client\react\node_modules\gulp-rename\package.json
17 verbose installManyTop reading scoped package data from D:\GitHub\MyBudget\MyBudget.Client\react\node_modules\gulp-sourcemaps\package.json
18 verbose installManyTop reading scoped package data from D:\GitHub\MyBudget\MyBudget.Client\react\node_modules\gulp-util\package.json
19 verbose installManyTop reading scoped package data from D:\GitHub\MyBudget\MyBudget.Client\react\node_modules\lodash\package.json
20 verbose installManyTop reading scoped package data from D:\GitHub\MyBudget\MyBudget.Client\react\node_modules\material-ui\package.json
21 verbose installManyTop reading scoped package data from D:\GitHub\MyBudget\MyBudget.Client\react\node_modules\pretty-hrtime\package.json
22 verbose installManyTop reading scoped package data from D:\GitHub\MyBudget\MyBudget.Client\react\node_modules\react\package.json
23 verbose installManyTop reading scoped package data from D:\GitHub\MyBudget\MyBudget.Client\react\node_modules\react-dom\package.json
24 verbose installManyTop reading scoped package data from D:\GitHub\MyBudget\MyBudget.Client\react\node_modules\react-tap-event-plugin\package.json
25 verbose installManyTop reading scoped package data from D:\GitHub\MyBudget\MyBudget.Client\react\node_modules\require-dir\package.json
26 verbose installManyTop reading scoped package data from D:\GitHub\MyBudget\MyBudget.Client\react\node_modules\vinyl-buffer\package.json
27 verbose installManyTop reading scoped package data from D:\GitHub\MyBudget\MyBudget.Client\react\node_modules\vinyl-source-stream\package.json
28 verbose installManyTop reading scoped package data from D:\GitHub\MyBudget\MyBudget.Client\react\node_modules\watchify\package.json
29 info package.json browser-sync@1.9.2 No license field.
30 info package.json gulp-notify@2.2.0 No license field.
31 info package.json gulp-rename@1.2.2 No license field.
32 info package.json pretty-hrtime@0.2.2 No license field.
33 info package.json react-tap-event-plugin@0.1.8 No license field.
34 info package.json require-dir@0.1.0 No license field.
35 verbose readDependencies loading dependencies from D:\GitHub\MyBudget\MyBudget.Client\react\package.json
36 silly cache add args [ 'run-sequence', null ]
37 verbose cache add spec run-sequence
38 silly cache add parsed spec Result {
38 silly cache add   raw: 'run-sequence',
38 silly cache add   scope: null,
38 silly cache add   name: 'run-sequence',
38 silly cache add   rawSpec: '',
38 silly cache add   spec: 'latest',
38 silly cache add   type: 'tag' }
39 silly addNamed run-sequence@latest
40 verbose addNamed "latest" is being treated as a dist-tag for run-sequence
41 info addNameTag [ 'run-sequence', 'latest' ]
42 silly mapToRegistry name run-sequence
43 silly mapToRegistry using default registry
44 silly mapToRegistry registry https://registry.npmjs.org/
45 silly mapToRegistry uri https://registry.npmjs.org/run-sequence
46 verbose addNameTag registry:https://registry.npmjs.org/run-sequence not in flight; fetching
47 verbose request uri https://registry.npmjs.org/run-sequence
48 verbose request no auth needed
49 info attempt registry request try #1 at 22:45:43
50 verbose request id 3009cea6e4e14aa8
51 verbose etag "DUZWYB8R4C0Q3TSB4LKQUBJ25"
52 http request GET https://registry.npmjs.org/run-sequence
53 http 304 https://registry.npmjs.org/run-sequence
54 verbose headers { date: 'Sat, 16 Jan 2016 19:45:43 GMT',
54 verbose headers   via: '1.1 varnish',
54 verbose headers   'cache-control': 'max-age=300',
54 verbose headers   etag: '"DUZWYB8R4C0Q3TSB4LKQUBJ25"',
54 verbose headers   age: '6',
54 verbose headers   connection: 'keep-alive',
54 verbose headers   'x-served-by': 'cache-lcy1135-LCY',
54 verbose headers   'x-cache': 'HIT',
54 verbose headers   'x-cache-hits': '1',
54 verbose headers   'x-timer': 'S1452973543.248607,VS0,VE0',
54 verbose headers   vary: 'Accept' }
55 silly get cb [ 304,
55 silly get   { date: 'Sat, 16 Jan 2016 19:45:43 GMT',
55 silly get     via: '1.1 varnish',
55 silly get     'cache-control': 'max-age=300',
55 silly get     etag: '"DUZWYB8R4C0Q3TSB4LKQUBJ25"',
55 silly get     age: '6',
55 silly get     connection: 'keep-alive',
55 silly get     'x-served-by': 'cache-lcy1135-LCY',
55 silly get     'x-cache': 'HIT',
55 silly get     'x-cache-hits': '1',
55 silly get     'x-timer': 'S1452973543.248607,VS0,VE0',
55 silly get     vary: 'Accept' } ]
56 verbose etag https://registry.npmjs.org/run-sequence from cache
57 verbose get saving run-sequence to C:\Users\Dmitry\AppData\Roaming\npm-cache\registry.npmjs.org\run-sequence\.cache.json
58 silly addNameTag next cb for run-sequence with tag latest
59 silly addNamed run-sequence@1.1.5
60 verbose addNamed "1.1.5" is a plain semver version for run-sequence
61 silly cache afterAdd run-sequence@1.1.5
62 verbose afterAdd C:\Users\Dmitry\AppData\Roaming\npm-cache\run-sequence\1.1.5\package\package.json not in flight; writing
63 verbose afterAdd C:\Users\Dmitry\AppData\Roaming\npm-cache\run-sequence\1.1.5\package\package.json written
64 silly install resolved [ { name: 'run-sequence',
64 silly install resolved     description: 'Run a series of dependent gulp tasks in order',
64 silly install resolved     version: '1.1.5',
64 silly install resolved     homepage: 'https://github.com/OverZealous/run-sequence',
64 silly install resolved     repository:
64 silly install resolved      { type: 'git',
64 silly install resolved        url: 'git://github.com/OverZealous/run-sequence.git' },
64 silly install resolved     bugs: { url: 'https://github.com/OverZealous/run-sequence/issues' },
64 silly install resolved     author: { name: 'Phil DeJarnett', url: 'http://overzealous.com/' },
64 silly install resolved     main: './index.js',
64 silly install resolved     keywords: [ 'gulpfriendly', 'pipe', 'sequence', 'gulp', 'orchestrator' ],
64 silly install resolved     dependencies: { chalk: '*', 'gulp-util': '*' },
64 silly install resolved     devDependencies: { gulp: '*', mocha: '*', should: '*' },
64 silly install resolved     scripts: { test: 'mocha --reporter spec' },
64 silly install resolved     engines: { node: '>= 0.8.0' },
64 silly install resolved     license: 'MIT',
64 silly install resolved     gitHead: 'bbfbe74a5c3fe17a5dcb780249f01a4d832168cd',
64 silly install resolved     _id: 'run-sequence@1.1.5',
64 silly install resolved     _shasum: '556bd47eb47877349e36c9c582748897db7be4f7',
64 silly install resolved     _from: 'run-sequence@latest',
64 silly install resolved     _npmVersion: '2.14.2',
64 silly install resolved     _nodeVersion: '0.12.7',
64 silly install resolved     _npmUser: { name: 'overzealous', email: 'phil@overzealous.com' },
64 silly install resolved     maintainers: [ [Object] ],
64 silly install resolved     dist:
64 silly install resolved      { shasum: '556bd47eb47877349e36c9c582748897db7be4f7',
64 silly install resolved        tarball: 'http://registry.npmjs.org/run-sequence/-/run-sequence-1.1.5.tgz' },
64 silly install resolved     directories: {},
64 silly install resolved     _resolved: 'https://registry.npmjs.org/run-sequence/-/run-sequence-1.1.5.tgz',
64 silly install resolved     readme: 'ERROR: No README data found!' } ]
65 info install run-sequence@1.1.5 into D:\GitHub\MyBudget\MyBudget.Client\react
66 info installOne run-sequence@1.1.5
67 verbose installOne of run-sequence to D:\GitHub\MyBudget\MyBudget.Client\react not in flight; installing
68 verbose lock using C:\Users\Dmitry\AppData\Roaming\npm-cache\_locks\run-sequence-84168dc55730baeb.lock for D:\GitHub\MyBudget\MyBudget.Client\react\node_modules\run-sequence
69 silly install write writing run-sequence 1.1.5 to D:\GitHub\MyBudget\MyBudget.Client\react\node_modules\run-sequence
70 verbose unbuild node_modules\run-sequence
71 silly gentlyRm D:\GitHub\MyBudget\MyBudget.Client\react\node_modules\run-sequence is being purged from base D:\GitHub\MyBudget\MyBudget.Client\react
72 verbose gentlyRm don't care about contents; nuking D:\GitHub\MyBudget\MyBudget.Client\react\node_modules\run-sequence
73 verbose tar unpack C:\Users\Dmitry\AppData\Roaming\npm-cache\run-sequence\1.1.5\package.tgz
74 verbose tar unpacking to D:\GitHub\MyBudget\MyBudget.Client\react\node_modules\run-sequence
75 silly gentlyRm D:\GitHub\MyBudget\MyBudget.Client\react\node_modules\run-sequence is being purged
76 verbose gentlyRm don't care about contents; nuking D:\GitHub\MyBudget\MyBudget.Client\react\node_modules\run-sequence
77 silly gunzTarPerm modes [ '777', '666' ]
78 silly gunzTarPerm extractEntry package.json
79 silly gunzTarPerm modified mode [ 'package.json', 420, 438 ]
80 silly gunzTarPerm extractEntry .npmignore
81 silly gunzTarPerm modified mode [ '.npmignore', 420, 438 ]
82 silly gunzTarPerm extractEntry README.md
83 silly gunzTarPerm modified mode [ 'README.md', 420, 438 ]
84 silly gunzTarPerm extractEntry LICENSE
85 silly gunzTarPerm modified mode [ 'LICENSE', 420, 438 ]
86 silly gunzTarPerm extractEntry index.js
87 silly gunzTarPerm modified mode [ 'index.js', 420, 438 ]
88 silly gunzTarPerm extractEntry .travis.yml
89 silly gunzTarPerm modified mode [ '.travis.yml', 420, 438 ]
90 verbose write writing to D:\GitHub\MyBudget\MyBudget.Client\react\node_modules\run-sequence\package.json
91 info preinstall run-sequence@1.1.5
92 verbose readDependencies loading dependencies from D:\GitHub\MyBudget\MyBudget.Client\react\node_modules\run-sequence\package.json
93 silly prepareForInstallMany adding chalk@* from run-sequence dependencies
94 verbose readDependencies loading dependencies from D:\GitHub\MyBudget\MyBudget.Client\react\node_modules\run-sequence\package.json
95 silly cache add args [ 'chalk@*', null ]
96 verbose cache add spec chalk@*
97 silly cache add parsed spec Result {
97 silly cache add   raw: 'chalk@*',
97 silly cache add   scope: null,
97 silly cache add   name: 'chalk',
97 silly cache add   rawSpec: '*',
97 silly cache add   spec: '*',
97 silly cache add   type: 'range' }
98 silly addNamed chalk@*
99 verbose addNamed "*" is a valid semver range for chalk
100 silly addNameRange { name: 'chalk', range: '*', hasData: false }
101 silly mapToRegistry name chalk
102 silly mapToRegistry using default registry
103 silly mapToRegistry registry https://registry.npmjs.org/
104 silly mapToRegistry uri https://registry.npmjs.org/chalk
105 verbose addNameRange registry:https://registry.npmjs.org/chalk not in flight; fetching
106 verbose request uri https://registry.npmjs.org/chalk
107 verbose request no auth needed
108 info attempt registry request try #1 at 22:45:43
109 verbose etag "9LKNTCXDADT9RVVTCK4U5BJWK"
110 http request GET https://registry.npmjs.org/chalk
111 http 304 https://registry.npmjs.org/chalk
112 verbose headers { date: 'Sat, 16 Jan 2016 19:45:43 GMT',
112 verbose headers   via: '1.1 varnish',
112 verbose headers   'cache-control': 'max-age=300',
112 verbose headers   etag: '"9LKNTCXDADT9RVVTCK4U5BJWK"',
112 verbose headers   age: '294',
112 verbose headers   connection: 'keep-alive',
112 verbose headers   'x-served-by': 'cache-lcy1123-LCY',
112 verbose headers   'x-cache': 'HIT',
112 verbose headers   'x-cache-hits': '5',
112 verbose headers   'x-timer': 'S1452973543.721114,VS0,VE0',
112 verbose headers   vary: 'Accept' }
113 silly get cb [ 304,
113 silly get   { date: 'Sat, 16 Jan 2016 19:45:43 GMT',
113 silly get     via: '1.1 varnish',
113 silly get     'cache-control': 'max-age=300',
113 silly get     etag: '"9LKNTCXDADT9RVVTCK4U5BJWK"',
113 silly get     age: '294',
113 silly get     connection: 'keep-alive',
113 silly get     'x-served-by': 'cache-lcy1123-LCY',
113 silly get     'x-cache': 'HIT',
113 silly get     'x-cache-hits': '5',
113 silly get     'x-timer': 'S1452973543.721114,VS0,VE0',
113 silly get     vary: 'Accept' } ]
114 verbose etag https://registry.npmjs.org/chalk from cache
115 verbose get saving chalk to C:\Users\Dmitry\AppData\Roaming\npm-cache\registry.npmjs.org\chalk\.cache.json
116 silly addNameRange number 2 { name: 'chalk', range: '*', hasData: true }
117 silly addNameRange versions [ 'chalk',
117 silly addNameRange   [ '0.1.0',
117 silly addNameRange     '0.1.1',
117 silly addNameRange     '0.2.0',
117 silly addNameRange     '0.2.1',
117 silly addNameRange     '0.3.0',
117 silly addNameRange     '0.4.0',
117 silly addNameRange     '0.5.0',
117 silly addNameRange     '0.5.1',
117 silly addNameRange     '1.0.0',
117 silly addNameRange     '1.1.0',
117 silly addNameRange     '1.1.1' ] ]
118 silly addNamed chalk@1.1.1
119 verbose addNamed "1.1.1" is a plain semver version for chalk
120 silly cache afterAdd chalk@1.1.1
121 verbose afterAdd C:\Users\Dmitry\AppData\Roaming\npm-cache\chalk\1.1.1\package\package.json not in flight; writing
122 verbose afterAdd C:\Users\Dmitry\AppData\Roaming\npm-cache\chalk\1.1.1\package\package.json written
123 silly install resolved [ { name: 'chalk',
123 silly install resolved     version: '1.1.1',
123 silly install resolved     description: 'Terminal string styling done right. Much color.',
123 silly install resolved     license: 'MIT',
123 silly install resolved     repository: { type: 'git', url: 'git+https://github.com/chalk/chalk.git' },
123 silly install resolved     maintainers: [ [Object], [Object], [Object] ],
123 silly install resolved     engines: { node: '>=0.10.0' },
123 silly install resolved     scripts:
123 silly install resolved      { test: 'xo && mocha',
123 silly install resolved        bench: 'matcha benchmark.js',
123 silly install resolved        coverage: 'nyc npm test && nyc report',
123 silly install resolved        coveralls: 'nyc npm test && nyc report --reporter=text-lcov | coveralls' },
123 silly install resolved     files: [ 'index.js' ],
123 silly install resolved     keywords:
123 silly install resolved      [ 'color',
123 silly install resolved        'colour',
123 silly install resolved        'colors',
123 silly install resolved        'terminal',
123 silly install resolved        'console',
123 silly install resolved        'cli',
123 silly install resolved        'string',
123 silly install resolved        'str',
123 silly install resolved        'ansi',
123 silly install resolved        'style',
123 silly install resolved        'styles',
123 silly install resolved        'tty',
123 silly install resolved        'formatting',
123 silly install resolved        'rgb',
123 silly install resolved        '256',
123 silly install resolved        'shell',
123 silly install resolved        'xterm',
123 silly install resolved        'log',
123 silly install resolved        'logging',
123 silly install resolved        'command-line',
123 silly install resolved        'text' ],
123 silly install resolved     dependencies:
123 silly install resolved      { 'ansi-styles': '^2.1.0',
123 silly install resolved        'escape-string-regexp': '^1.0.2',
123 silly install resolved        'has-ansi': '^2.0.0',
123 silly install resolved        'strip-ansi': '^3.0.0',
123 silly install resolved        'supports-color': '^2.0.0' },
123 silly install resolved     devDependencies:
123 silly install resolved      { coveralls: '^2.11.2',
123 silly install resolved        matcha: '^0.6.0',
123 silly install resolved        mocha: '*',
123 silly install resolved        nyc: '^3.0.0',
123 silly install resolved        'require-uncached': '^1.0.2',
123 silly install resolved        'resolve-from': '^1.0.0',
123 silly install resolved        semver: '^4.3.3',
123 silly install resolved        xo: '*' },
123 silly install resolved     xo: { envs: [Object] },
123 silly install resolved     gitHead: '8b554e254e89c85c1fd04dcc444beeb15824e1a5',
123 silly install resolved     bugs: { url: 'https://github.com/chalk/chalk/issues' },
123 silly install resolved     homepage: 'https://github.com/chalk/chalk#readme',
123 silly install resolved     _id: 'chalk@1.1.1',
123 silly install resolved     _shasum: '509afb67066e7499f7eb3535c77445772ae2d019',
123 silly install resolved     _from: 'chalk@*',
123 silly install resolved     _npmVersion: '2.13.5',
123 silly install resolved     _nodeVersion: '0.12.7',
123 silly install resolved     _npmUser: { name: 'sindresorhus', email: 'sindresorhus@gmail.com' },
123 silly install resolved     dist:
123 silly install resolved      { shasum: '509afb67066e7499f7eb3535c77445772ae2d019',
123 silly install resolved        tarball: 'http://registry.npmjs.org/chalk/-/chalk-1.1.1.tgz' },
123 silly install resolved     directories: {},
123 silly install resolved     _resolved: 'https://registry.npmjs.org/chalk/-/chalk-1.1.1.tgz',
123 silly install resolved     readme: 'ERROR: No README data found!' } ]
124 info install chalk@1.1.1 into D:\GitHub\MyBudget\MyBudget.Client\react\node_modules\run-sequence
125 info installOne chalk@1.1.1
126 verbose installOne of chalk to D:\GitHub\MyBudget\MyBudget.Client\react\node_modules\run-sequence not in flight; installing
127 verbose lock using C:\Users\Dmitry\AppData\Roaming\npm-cache\_locks\chalk-12e6473c5bab412b.lock for D:\GitHub\MyBudget\MyBudget.Client\react\node_modules\run-sequence\node_modules\chalk
128 silly install write writing chalk 1.1.1 to D:\GitHub\MyBudget\MyBudget.Client\react\node_modules\run-sequence\node_modules\chalk
129 verbose unbuild node_modules\run-sequence\node_modules\chalk
130 silly gentlyRm D:\GitHub\MyBudget\MyBudget.Client\react\node_modules\run-sequence\node_modules\chalk is being purged from base D:\GitHub\MyBudget\MyBudget.Client\react
131 verbose gentlyRm don't care about contents; nuking D:\GitHub\MyBudget\MyBudget.Client\react\node_modules\run-sequence\node_modules\chalk
132 verbose tar unpack C:\Users\Dmitry\AppData\Roaming\npm-cache\chalk\1.1.1\package.tgz
133 verbose tar unpacking to D:\GitHub\MyBudget\MyBudget.Client\react\node_modules\run-sequence\node_modules\chalk
134 silly gentlyRm D:\GitHub\MyBudget\MyBudget.Client\react\node_modules\run-sequence\node_modules\chalk is being purged
135 verbose gentlyRm don't care about contents; nuking D:\GitHub\MyBudget\MyBudget.Client\react\node_modules\run-sequence\node_modules\chalk
136 silly gunzTarPerm modes [ '777', '666' ]
137 silly gunzTarPerm extractEntry package.json
138 silly gunzTarPerm modified mode [ 'package.json', 420, 438 ]
139 silly gunzTarPerm extractEntry index.js
140 silly gunzTarPerm modified mode [ 'index.js', 420, 438 ]
141 silly gunzTarPerm extractEntry license
142 silly gunzTarPerm modified mode [ 'license', 420, 438 ]
143 silly gunzTarPerm extractEntry readme.md
144 silly gunzTarPerm modified mode [ 'readme.md', 420, 438 ]
145 verbose write writing to D:\GitHub\MyBudget\MyBudget.Client\react\node_modules\run-sequence\node_modules\chalk\package.json
146 info preinstall chalk@1.1.1
147 verbose readDependencies loading dependencies from D:\GitHub\MyBudget\MyBudget.Client\react\node_modules\run-sequence\node_modules\chalk\package.json
148 silly prepareForInstallMany adding ansi-styles@^2.1.0 from chalk dependencies
149 silly prepareForInstallMany adding escape-string-regexp@^1.0.2 from chalk dependencies
150 silly prepareForInstallMany adding has-ansi@^2.0.0 from chalk dependencies
151 silly prepareForInstallMany adding strip-ansi@^3.0.0 from chalk dependencies
152 silly prepareForInstallMany adding supports-color@^2.0.0 from chalk dependencies
153 verbose readDependencies loading dependencies from D:\GitHub\MyBudget\MyBudget.Client\react\node_modules\run-sequence\node_modules\chalk\package.json
154 silly cache add args [ 'ansi-styles@^2.1.0', null ]
155 verbose cache add spec ansi-styles@^2.1.0
156 silly cache add args [ 'escape-string-regexp@^1.0.2', null ]
157 verbose cache add spec escape-string-regexp@^1.0.2
158 silly cache add parsed spec Result {
158 silly cache add   raw: 'ansi-styles@^2.1.0',
158 silly cache add   scope: null,
158 silly cache add   name: 'ansi-styles',
158 silly cache add   rawSpec: '^2.1.0',
158 silly cache add   spec: '>=2.1.0 <3.0.0',
158 silly cache add   type: 'range' }
159 silly addNamed ansi-styles@>=2.1.0 <3.0.0
160 verbose addNamed ">=2.1.0 <3.0.0" is a valid semver range for ansi-styles
161 silly addNameRange { name: 'ansi-styles', range: '>=2.1.0 <3.0.0', hasData: false }
162 silly mapToRegistry name ansi-styles
163 silly mapToRegistry using default registry
164 silly mapToRegistry registry https://registry.npmjs.org/
165 silly mapToRegistry uri https://registry.npmjs.org/ansi-styles
166 verbose addNameRange registry:https://registry.npmjs.org/ansi-styles not in flight; fetching
167 silly cache add parsed spec Result {
167 silly cache add   raw: 'escape-string-regexp@^1.0.2',
167 silly cache add   scope: null,
167 silly cache add   name: 'escape-string-regexp',
167 silly cache add   rawSpec: '^1.0.2',
167 silly cache add   spec: '>=1.0.2 <2.0.0',
167 silly cache add   type: 'range' }
168 silly addNamed escape-string-regexp@>=1.0.2 <2.0.0
169 verbose addNamed ">=1.0.2 <2.0.0" is a valid semver range for escape-string-regexp
170 silly addNameRange { name: 'escape-string-regexp',
170 silly addNameRange   range: '>=1.0.2 <2.0.0',
170 silly addNameRange   hasData: false }
171 silly mapToRegistry name escape-string-regexp
172 silly mapToRegistry using default registry
173 silly mapToRegistry registry https://registry.npmjs.org/
174 silly mapToRegistry uri https://registry.npmjs.org/escape-string-regexp
175 verbose addNameRange registry:https://registry.npmjs.org/escape-string-regexp not in flight; fetching
176 silly cache add args [ 'has-ansi@^2.0.0', null ]
177 verbose cache add spec has-ansi@^2.0.0
178 silly cache add parsed spec Result {
178 silly cache add   raw: 'has-ansi@^2.0.0',
178 silly cache add   scope: null,
178 silly cache add   name: 'has-ansi',
178 silly cache add   rawSpec: '^2.0.0',
178 silly cache add   spec: '>=2.0.0 <3.0.0',
178 silly cache add   type: 'range' }
179 silly addNamed has-ansi@>=2.0.0 <3.0.0
180 verbose addNamed ">=2.0.0 <3.0.0" is a valid semver range for has-ansi
181 silly addNameRange { name: 'has-ansi', range: '>=2.0.0 <3.0.0', hasData: false }
182 silly mapToRegistry name has-ansi
183 silly mapToRegistry using default registry
184 silly mapToRegistry registry https://registry.npmjs.org/
185 silly mapToRegistry uri https://registry.npmjs.org/has-ansi
186 verbose addNameRange registry:https://registry.npmjs.org/has-ansi not in flight; fetching
187 silly cache add args [ 'strip-ansi@^3.0.0', null ]
188 verbose cache add spec strip-ansi@^3.0.0
189 silly cache add parsed spec Result {
189 silly cache add   raw: 'strip-ansi@^3.0.0',
189 silly cache add   scope: null,
189 silly cache add   name: 'strip-ansi',
189 silly cache add   rawSpec: '^3.0.0',
189 silly cache add   spec: '>=3.0.0 <4.0.0',
189 silly cache add   type: 'range' }
190 silly addNamed strip-ansi@>=3.0.0 <4.0.0
191 verbose addNamed ">=3.0.0 <4.0.0" is a valid semver range for strip-ansi
192 silly addNameRange { name: 'strip-ansi', range: '>=3.0.0 <4.0.0', hasData: false }
193 silly mapToRegistry name strip-ansi
194 silly mapToRegistry using default registry
195 silly mapToRegistry registry https://registry.npmjs.org/
196 silly mapToRegistry uri https://registry.npmjs.org/strip-ansi
197 verbose addNameRange registry:https://registry.npmjs.org/strip-ansi not in flight; fetching
198 silly cache add args [ 'supports-color@^2.0.0', null ]
199 verbose cache add spec supports-color@^2.0.0
200 silly cache add parsed spec Result {
200 silly cache add   raw: 'supports-color@^2.0.0',
200 silly cache add   scope: null,
200 silly cache add   name: 'supports-color',
200 silly cache add   rawSpec: '^2.0.0',
200 silly cache add   spec: '>=2.0.0 <3.0.0',
200 silly cache add   type: 'range' }
201 silly addNamed supports-color@>=2.0.0 <3.0.0
202 verbose addNamed ">=2.0.0 <3.0.0" is a valid semver range for supports-color
203 silly addNameRange { name: 'supports-color',
203 silly addNameRange   range: '>=2.0.0 <3.0.0',
203 silly addNameRange   hasData: false }
204 silly mapToRegistry name supports-color
205 silly mapToRegistry using default registry
206 silly mapToRegistry registry https://registry.npmjs.org/
207 silly mapToRegistry uri https://registry.npmjs.org/supports-color
208 verbose addNameRange registry:https://registry.npmjs.org/supports-color not in flight; fetching
209 verbose request uri https://registry.npmjs.org/escape-string-regexp
210 verbose request no auth needed
211 info attempt registry request try #1 at 22:45:44
212 verbose etag "9M31MYSQ5P7WRVITKS9SAJ2B3"
213 http request GET https://registry.npmjs.org/escape-string-regexp
214 verbose request uri https://registry.npmjs.org/ansi-styles
215 verbose request no auth needed
216 info attempt registry request try #1 at 22:45:44
217 verbose etag "9LLFLOJ9GM4RQX3H0RXPTL575"
218 http request GET https://registry.npmjs.org/ansi-styles
219 verbose request uri https://registry.npmjs.org/has-ansi
220 verbose request no auth needed
221 info attempt registry request try #1 at 22:45:44
222 verbose etag "BBDMGI1OGAVY5ZWT2355AH7Y1"
223 http request GET https://registry.npmjs.org/has-ansi
224 verbose request uri https://registry.npmjs.org/supports-color
225 verbose request no auth needed
226 info attempt registry request try #1 at 22:45:44
227 verbose etag "91QPISXHGSPQQAUI4IY5OE9UJ"
228 http request GET https://registry.npmjs.org/supports-color
229 verbose request uri https://registry.npmjs.org/strip-ansi
230 verbose request no auth needed
231 info attempt registry request try #1 at 22:45:44
232 verbose etag "RBPZS1J21XBKPHESKAG048ZH"
233 http request GET https://registry.npmjs.org/strip-ansi
234 http 304 https://registry.npmjs.org/escape-string-regexp
235 verbose headers { date: 'Sat, 16 Jan 2016 19:45:44 GMT',
235 verbose headers   via: '1.1 varnish',
235 verbose headers   'cache-control': 'max-age=300',
235 verbose headers   etag: '"9M31MYSQ5P7WRVITKS9SAJ2B3"',
235 verbose headers   age: '17',
235 verbose headers   connection: 'keep-alive',
235 verbose headers   'x-served-by': 'cache-lcy1131-LCY',
235 verbose headers   'x-cache': 'HIT',
235 verbose headers   'x-cache-hits': '2',
235 verbose headers   'x-timer': 'S1452973544.149938,VS0,VE0',
235 verbose headers   vary: 'Accept' }
236 silly get cb [ 304,
236 silly get   { date: 'Sat, 16 Jan 2016 19:45:44 GMT',
236 silly get     via: '1.1 varnish',
236 silly get     'cache-control': 'max-age=300',
236 silly get     etag: '"9M31MYSQ5P7WRVITKS9SAJ2B3"',
236 silly get     age: '17',
236 silly get     connection: 'keep-alive',
236 silly get     'x-served-by': 'cache-lcy1131-LCY',
236 silly get     'x-cache': 'HIT',
236 silly get     'x-cache-hits': '2',
236 silly get     'x-timer': 'S1452973544.149938,VS0,VE0',
236 silly get     vary: 'Accept' } ]
237 verbose etag https://registry.npmjs.org/escape-string-regexp from cache
238 verbose get saving escape-string-regexp to C:\Users\Dmitry\AppData\Roaming\npm-cache\registry.npmjs.org\escape-string-regexp\.cache.json
239 silly addNameRange number 2 { name: 'escape-string-regexp',
239 silly addNameRange   range: '>=1.0.2 <2.0.0',
239 silly addNameRange   hasData: true }
240 silly addNameRange versions [ 'escape-string-regexp',
240 silly addNameRange   [ '1.0.0', '1.0.1', '1.0.2', '1.0.3', '1.0.4' ] ]
241 silly addNamed escape-string-regexp@1.0.4
242 verbose addNamed "1.0.4" is a plain semver version for escape-string-regexp
243 silly cache afterAdd escape-string-regexp@1.0.4
244 verbose afterAdd C:\Users\Dmitry\AppData\Roaming\npm-cache\escape-string-regexp\1.0.4\package\package.json not in flight; writing
245 http 304 https://registry.npmjs.org/supports-color
246 verbose headers { date: 'Sat, 16 Jan 2016 19:45:44 GMT',
246 verbose headers   via: '1.1 varnish',
246 verbose headers   'cache-control': 'max-age=300',
246 verbose headers   etag: '"91QPISXHGSPQQAUI4IY5OE9UJ"',
246 verbose headers   age: '182',
246 verbose headers   connection: 'keep-alive',
246 verbose headers   'x-served-by': 'cache-lcy1124-LCY',
246 verbose headers   'x-cache': 'HIT',
246 verbose headers   'x-cache-hits': '5',
246 verbose headers   'x-timer': 'S1452973544.164614,VS0,VE0',
246 verbose headers   vary: 'Accept' }
247 silly get cb [ 304,
247 silly get   { date: 'Sat, 16 Jan 2016 19:45:44 GMT',
247 silly get     via: '1.1 varnish',
247 silly get     'cache-control': 'max-age=300',
247 silly get     etag: '"91QPISXHGSPQQAUI4IY5OE9UJ"',
247 silly get     age: '182',
247 silly get     connection: 'keep-alive',
247 silly get     'x-served-by': 'cache-lcy1124-LCY',
247 silly get     'x-cache': 'HIT',
247 silly get     'x-cache-hits': '5',
247 silly get     'x-timer': 'S1452973544.164614,VS0,VE0',
247 silly get     vary: 'Accept' } ]
248 verbose etag https://registry.npmjs.org/supports-color from cache
249 verbose get saving supports-color to C:\Users\Dmitry\AppData\Roaming\npm-cache\registry.npmjs.org\supports-color\.cache.json
250 verbose afterAdd C:\Users\Dmitry\AppData\Roaming\npm-cache\escape-string-regexp\1.0.4\package\package.json written
251 silly addNameRange number 2 { name: 'supports-color',
251 silly addNameRange   range: '>=2.0.0 <3.0.0',
251 silly addNameRange   hasData: true }
252 silly addNameRange versions [ 'supports-color',
252 silly addNameRange   [ '0.2.0',
252 silly addNameRange     '1.0.0',
252 silly addNameRange     '1.1.0',
252 silly addNameRange     '1.2.0',
252 silly addNameRange     '1.2.1',
252 silly addNameRange     '1.3.0',
252 silly addNameRange     '1.3.1',
252 silly addNameRange     '2.0.0',
252 silly addNameRange     '3.0.0',
252 silly addNameRange     '3.0.1',
252 silly addNameRange     '3.1.0',
252 silly addNameRange     '3.1.1',
252 silly addNameRange     '3.1.2' ] ]
253 silly addNamed supports-color@2.0.0
254 verbose addNamed "2.0.0" is a plain semver version for supports-color
255 silly cache afterAdd supports-color@2.0.0
256 verbose afterAdd C:\Users\Dmitry\AppData\Roaming\npm-cache\supports-color\2.0.0\package\package.json not in flight; writing
257 http 304 https://registry.npmjs.org/ansi-styles
258 verbose headers { date: 'Sat, 16 Jan 2016 19:45:44 GMT',
258 verbose headers   via: '1.1 varnish',
258 verbose headers   'cache-control': 'max-age=300',
258 verbose headers   etag: '"9LLFLOJ9GM4RQX3H0RXPTL575"',
258 verbose headers   age: '291',
258 verbose headers   connection: 'keep-alive',
258 verbose headers   'x-served-by': 'cache-lcy1120-LCY',
258 verbose headers   'x-cache': 'HIT',
258 verbose headers   'x-cache-hits': '6',
258 verbose headers   'x-timer': 'S1452973544.174746,VS0,VE0',
258 verbose headers   vary: 'Accept' }
259 silly get cb [ 304,
259 silly get   { date: 'Sat, 16 Jan 2016 19:45:44 GMT',
259 silly get     via: '1.1 varnish',
259 silly get     'cache-control': 'max-age=300',
259 silly get     etag: '"9LLFLOJ9GM4RQX3H0RXPTL575"',
259 silly get     age: '291',
259 silly get     connection: 'keep-alive',
259 silly get     'x-served-by': 'cache-lcy1120-LCY',
259 silly get     'x-cache': 'HIT',
259 silly get     'x-cache-hits': '6',
259 silly get     'x-timer': 'S1452973544.174746,VS0,VE0',
259 silly get     vary: 'Accept' } ]
260 verbose etag https://registry.npmjs.org/ansi-styles from cache
261 verbose get saving ansi-styles to C:\Users\Dmitry\AppData\Roaming\npm-cache\registry.npmjs.org\ansi-styles\.cache.json
262 verbose afterAdd C:\Users\Dmitry\AppData\Roaming\npm-cache\supports-color\2.0.0\package\package.json written
263 silly addNameRange number 2 { name: 'ansi-styles', range: '>=2.1.0 <3.0.0', hasData: true }
264 silly addNameRange versions [ 'ansi-styles',
264 silly addNameRange   [ '0.1.0',
264 silly addNameRange     '0.1.1',
264 silly addNameRange     '0.1.2',
264 silly addNameRange     '0.2.0',
264 silly addNameRange     '1.0.0',
264 silly addNameRange     '1.1.0',
264 silly addNameRange     '2.0.0',
264 silly addNameRange     '2.0.1',
264 silly addNameRange     '2.1.0' ] ]
265 silly addNamed ansi-styles@2.1.0
266 verbose addNamed "2.1.0" is a plain semver version for ansi-styles
267 silly cache afterAdd ansi-styles@2.1.0
268 verbose afterAdd C:\Users\Dmitry\AppData\Roaming\npm-cache\ansi-styles\2.1.0\package\package.json not in flight; writing
269 verbose afterAdd C:\Users\Dmitry\AppData\Roaming\npm-cache\ansi-styles\2.1.0\package\package.json written
270 http 304 https://registry.npmjs.org/strip-ansi
271 verbose headers { date: 'Sat, 16 Jan 2016 19:45:44 GMT',
271 verbose headers   via: '1.1 varnish',
271 verbose headers   'cache-control': 'max-age=300',
271 verbose headers   etag: '"RBPZS1J21XBKPHESKAG048ZH"',
271 verbose headers   age: '90',
271 verbose headers   connection: 'keep-alive',
271 verbose headers   'x-served-by': 'cache-lcy1132-LCY',
271 verbose headers   'x-cache': 'HIT',
271 verbose headers   'x-cache-hits': '2',
271 verbose headers   'x-timer': 'S1452973544.199087,VS0,VE0',
271 verbose headers   vary: 'Accept' }
272 silly get cb [ 304,
272 silly get   { date: 'Sat, 16 Jan 2016 19:45:44 GMT',
272 silly get     via: '1.1 varnish',
272 silly get     'cache-control': 'max-age=300',
272 silly get     etag: '"RBPZS1J21XBKPHESKAG048ZH"',
272 silly get     age: '90',
272 silly get     connection: 'keep-alive',
272 silly get     'x-served-by': 'cache-lcy1132-LCY',
272 silly get     'x-cache': 'HIT',
272 silly get     'x-cache-hits': '2',
272 silly get     'x-timer': 'S1452973544.199087,VS0,VE0',
272 silly get     vary: 'Accept' } ]
273 verbose etag https://registry.npmjs.org/strip-ansi from cache
274 verbose get saving strip-ansi to C:\Users\Dmitry\AppData\Roaming\npm-cache\registry.npmjs.org\strip-ansi\.cache.json
275 silly addNameRange number 2 { name: 'strip-ansi', range: '>=3.0.0 <4.0.0', hasData: true }
276 silly addNameRange versions [ 'strip-ansi',
276 silly addNameRange   [ '0.1.0',
276 silly addNameRange     '0.1.1',
276 silly addNameRange     '0.2.0',
276 silly addNameRange     '0.2.1',
276 silly addNameRange     '0.2.2',
276 silly addNameRange     '0.3.0',
276 silly addNameRange     '1.0.0',
276 silly addNameRange     '2.0.0',
276 silly addNameRange     '2.0.1',
276 silly addNameRange     '3.0.0' ] ]
277 silly addNamed strip-ansi@3.0.0
278 verbose addNamed "3.0.0" is a plain semver version for strip-ansi
279 silly cache afterAdd strip-ansi@3.0.0
280 verbose afterAdd C:\Users\Dmitry\AppData\Roaming\npm-cache\strip-ansi\3.0.0\package\package.json not in flight; writing
281 verbose afterAdd C:\Users\Dmitry\AppData\Roaming\npm-cache\strip-ansi\3.0.0\package\package.json written
282 http 304 https://registry.npmjs.org/has-ansi
283 verbose headers { date: 'Sat, 16 Jan 2016 19:45:44 GMT',
283 verbose headers   via: '1.1 varnish',
283 verbose headers   'cache-control': 'max-age=300',
283 verbose headers   etag: '"BBDMGI1OGAVY5ZWT2355AH7Y1"',
283 verbose headers   age: '195',
283 verbose headers   connection: 'keep-alive',
283 verbose headers   'x-served-by': 'cache-lcy1130-LCY',
283 verbose headers   'x-cache': 'HIT',
283 verbose headers   'x-cache-hits': '2',
283 verbose headers   'x-timer': 'S1452973544.223327,VS0,VE0',
283 verbose headers   vary: 'Accept' }
284 silly get cb [ 304,
284 silly get   { date: 'Sat, 16 Jan 2016 19:45:44 GMT',
284 silly get     via: '1.1 varnish',
284 silly get     'cache-control': 'max-age=300',
284 silly get     etag: '"BBDMGI1OGAVY5ZWT2355AH7Y1"',
284 silly get     age: '195',
284 silly get     connection: 'keep-alive',
284 silly get     'x-served-by': 'cache-lcy1130-LCY',
284 silly get     'x-cache': 'HIT',
284 silly get     'x-cache-hits': '2',
284 silly get     'x-timer': 'S1452973544.223327,VS0,VE0',
284 silly get     vary: 'Accept' } ]
285 verbose etag https://registry.npmjs.org/has-ansi from cache
286 verbose get saving has-ansi to C:\Users\Dmitry\AppData\Roaming\npm-cache\registry.npmjs.org\has-ansi\.cache.json
287 silly addNameRange number 2 { name: 'has-ansi', range: '>=2.0.0 <3.0.0', hasData: true }
288 silly addNameRange versions [ 'has-ansi',
288 silly addNameRange   [ '0.1.0', '1.0.0', '1.0.1', '1.0.2', '1.0.3', '2.0.0' ] ]
289 silly addNamed has-ansi@2.0.0
290 verbose addNamed "2.0.0" is a plain semver version for has-ansi
291 silly cache afterAdd has-ansi@2.0.0
292 verbose afterAdd C:\Users\Dmitry\AppData\Roaming\npm-cache\has-ansi\2.0.0\package\package.json not in flight; writing
293 verbose afterAdd C:\Users\Dmitry\AppData\Roaming\npm-cache\has-ansi\2.0.0\package\package.json written
294 silly install resolved [ { name: 'escape-string-regexp',
294 silly install resolved     version: '1.0.4',
294 silly install resolved     description: 'Escape RegExp special characters',
294 silly install resolved     license: 'MIT',
294 silly install resolved     repository:
294 silly install resolved      { type: 'git',
294 silly install resolved        url: 'git+https://github.com/sindresorhus/escape-string-regexp.git' },
294 silly install resolved     author:
294 silly install resolved      { name: 'Sindre Sorhus',
294 silly install resolved        email: 'sindresorhus@gmail.com',
294 silly install resolved        url: 'sindresorhus.com' },
294 silly install resolved     maintainers: [ [Object], [Object] ],
294 silly install resolved     engines: { node: '>=0.8.0' },
294 silly install resolved     scripts: { test: 'xo && ava' },
294 silly install resolved     files: [ 'index.js' ],
294 silly install resolved     keywords:
294 silly install resolved      [ 'escape',
294 silly install resolved        'regex',
294 silly install resolved        'regexp',
294 silly install resolved        're',
294 silly install resolved        'regular',
294 silly install resolved        'expression',
294 silly install resolved        'string',
294 silly install resolved        'str',
294 silly install resolved        'special',
294 silly install resolved        'characters' ],
294 silly install resolved     devDependencies: { ava: '*', xo: '*' },
294 silly install resolved     gitHead: 'e9ca6832a9506ca26402cb0e6dc95efcf35b0b97',
294 silly install resolved     bugs: { url: 'https://github.com/sindresorhus/escape-string-regexp/issues' },
294 silly install resolved     homepage: 'https://github.com/sindresorhus/escape-string-regexp',
294 silly install resolved     _id: 'escape-string-regexp@1.0.4',
294 silly install resolved     _shasum: 'b85e679b46f72d03fbbe8a3bf7259d535c21b62f',
294 silly install resolved     _from: 'escape-string-regexp@>=1.0.2 <2.0.0',
294 silly install resolved     _npmVersion: '2.14.7',
294 silly install resolved     _nodeVersion: '4.2.1',
294 silly install resolved     _npmUser: { name: 'sindresorhus', email: 'sindresorhus@gmail.com' },
294 silly install resolved     dist:
294 silly install resolved      { shasum: 'b85e679b46f72d03fbbe8a3bf7259d535c21b62f',
294 silly install resolved        tarball: 'http://registry.npmjs.org/escape-string-regexp/-/escape-string-regexp-1.0.4.tgz' },
294 silly install resolved     directories: {},
294 silly install resolved     _resolved: 'https://registry.npmjs.org/escape-string-regexp/-/escape-string-regexp-1.0.4.tgz',
294 silly install resolved     readme: 'ERROR: No README data found!' },
294 silly install resolved   { name: 'supports-color',
294 silly install resolved     version: '2.0.0',
294 silly install resolved     description: 'Detect whether a terminal supports color',
294 silly install resolved     license: 'MIT',
294 silly install resolved     repository:
294 silly install resolved      { type: 'git',
294 silly install resolved        url: 'git+https://github.com/chalk/supports-color.git' },
294 silly install resolved     author:
294 silly install resolved      { name: 'Sindre Sorhus',
294 silly install resolved        email: 'sindresorhus@gmail.com',
294 silly install resolved        url: 'sindresorhus.com' },
294 silly install resolved     maintainers: [ [Object], [Object] ],
294 silly install resolved     engines: { node: '>=0.8.0' },
294 silly install resolved     scripts: { test: 'mocha' },
294 silly install resolved     files: [ 'index.js' ],
294 silly install resolved     keywords:
294 silly install resolved      [ 'color',
294 silly install resolved        'colour',
294 silly install resolved        'colors',
294 silly install resolved        'terminal',
294 silly install resolved        'console',
294 silly install resolved        'cli',
294 silly install resolved        'ansi',
294 silly install resolved        'styles',
294 silly install resolved        'tty',
294 silly install resolved        'rgb',
294 silly install resolved        '256',
294 silly install resolved        'shell',
294 silly install resolved        'xterm',
294 silly install resolved        'command-line',
294 silly install resolved        'support',
294 silly install resolved        'supports',
294 silly install resolved        'capability',
294 silly install resolved        'detect' ],
294 silly install resolved     devDependencies: { mocha: '*', 'require-uncached': '^1.0.2' },
294 silly install resolved     gitHead: '8400d98ade32b2adffd50902c06d9e725a5c6588',
294 silly install resolved     bugs: { url: 'https://github.com/chalk/supports-color/issues' },
294 silly install resolved     homepage: 'https://github.com/chalk/supports-color',
294 silly install resolved     _id: 'supports-color@2.0.0',
294 silly install resolved     _shasum: '535d045ce6b6363fa40117084629995e9df324c7',
294 silly install resolved     _from: 'supports-color@>=2.0.0 <3.0.0',
294 silly install resolved     _npmVersion: '2.11.2',
294 silly install resolved     _nodeVersion: '0.12.5',
294 silly install resolved     _npmUser: { name: 'sindresorhus', email: 'sindresorhus@gmail.com' },
294 silly install resolved     dist:
294 silly install resolved      { shasum: '535d045ce6b6363fa40117084629995e9df324c7',
294 silly install resolved        tarball: 'http://registry.npmjs.org/supports-color/-/supports-color-2.0.0.tgz' },
294 silly install resolved     directories: {},
294 silly install resolved     _resolved: 'https://registry.npmjs.org/supports-color/-/supports-color-2.0.0.tgz',
294 silly install resolved     readme: 'ERROR: No README data found!' },
294 silly install resolved   { name: 'ansi-styles',
294 silly install resolved     version: '2.1.0',
294 silly install resolved     description: 'ANSI escape codes for styling strings in the terminal',
294 silly install resolved     license: 'MIT',
294 silly install resolved     repository:
294 silly install resolved      { type: 'git',
294 silly install resolved        url: 'git+https://github.com/chalk/ansi-styles.git' },
294 silly install resolved     author:
294 silly install resolved      { name: 'Sindre Sorhus',
294 silly install resolved        email: 'sindresorhus@gmail.com',
294 silly install resolved        url: 'sindresorhus.com' },
294 silly install resolved     maintainers: [ [Object], [Object] ],
294 silly install resolved     engines: { node: '>=0.10.0' },
294 silly install resolved     scripts: { test: 'mocha' },
294 silly install resolved     files: [ 'index.js' ],
294 silly install resolved     keywords:
294 silly install resolved      [ 'ansi',
294 silly install resolved        'styles',
294 silly install resolved        'color',
294 silly install resolved        'colour',
294 silly install resolved        'colors',
294 silly install resolved        'terminal',
294 silly install resolved        'console',
294 silly install resolved        'cli',
294 silly install resolved        'string',
294 silly install resolved        'tty',
294 silly install resolved        'escape',
294 silly install resolved        'formatting',
294 silly install resolved        'rgb',
294 silly install resolved        '256',
294 silly install resolved        'shell',
294 silly install resolved        'xterm',
294 silly install resolved        'log',
294 silly install resolved        'logging',
294 silly install resolved        'command-line',
294 silly install resolved        'text' ],
294 silly install resolved     devDependencies: { mocha: '*' },
294 silly install resolved     gitHead: '18421cbe4a2d93359ec2599a894f704be126d066',
294 silly install resolved     bugs: { url: 'https://github.com/chalk/ansi-styles/issues' },
294 silly install resolved     homepage: 'https://github.com/chalk/ansi-styles',
294 silly install resolved     _id: 'ansi-styles@2.1.0',
294 silly install resolved     _shasum: '990f747146927b559a932bf92959163d60c0d0e2',
294 silly install resolved     _from: 'ansi-styles@>=2.1.0 <3.0.0',
294 silly install resolved     _npmVersion: '2.10.1',
294 silly install resolved     _nodeVersion: '0.12.4',
294 silly install resolved     _npmUser: { name: 'jbnicolai', email: 'jappelman@xebia.com' },
294 silly install resolved     dist:
294 silly install resolved      { shasum: '990f747146927b559a932bf92959163d60c0d0e2',
294 silly install resolved        tarball: 'http://registry.npmjs.org/ansi-styles/-/ansi-styles-2.1.0.tgz' },
294 silly install resolved     directories: {},
294 silly install resolved     _resolved: 'https://registry.npmjs.org/ansi-styles/-/ansi-styles-2.1.0.tgz',
294 silly install resolved     readme: 'ERROR: No README data found!' },
294 silly install resolved   { name: 'strip-ansi',
294 silly install resolved     version: '3.0.0',
294 silly install resolved     description: 'Strip ANSI escape codes',
294 silly install resolved     license: 'MIT',
294 silly install resolved     repository:
294 silly install resolved      { type: 'git',
294 silly install resolved        url: 'git+https://github.com/sindresorhus/strip-ansi.git' },
294 silly install resolved     author:
294 silly install resolved      { name: 'Sindre Sorhus',
294 silly install resolved        email: 'sindresorhus@gmail.com',
294 silly install resolved        url: 'sindresorhus.com' },
294 silly install resolved     maintainers: [ [Object], [Object] ],
294 silly install resolved     engines: { node: '>=0.10.0' },
294 silly install resolved     scripts: { test: 'node test.js' },
294 silly install resolved     files: [ 'index.js' ],
294 silly install resolved     keywords:
294 silly install resolved      [ 'strip',
294 silly install resolved        'trim',
294 silly install resolved        'remove',
294 silly install resolved        'ansi',
294 silly install resolved        'styles',
294 silly install resolved        'color',
294 silly install resolved        'colour',
294 silly install resolved        'colors',
294 silly install resolved        'terminal',
294 silly install resolved        'console',
294 silly install resolved        'string',
294 silly install resolved        'tty',
294 silly install resolved        'escape',
294 silly install resolved        'formatting',
294 silly install resolved        'rgb',
294 silly install resolved        '256',
294 silly install resolved        'shell',
294 silly install resolved        'xterm',
294 silly install resolved        'log',
294 silly install resolved        'logging',
294 silly install resolved        'command-line',
294 silly install resolved        'text' ],
294 silly install resolved     dependencies: { 'ansi-regex': '^2.0.0' },
294 silly install resolved     devDependencies: { ava: '0.0.4' },
294 silly install resolved     gitHead: '3f05b9810e1438f946e2eb84ee854cc00b972e9e',
294 silly install resolved     bugs: { url: 'https://github.com/sindresorhus/strip-ansi/issues' },
294 silly install resolved     homepage: 'https://github.com/sindresorhus/strip-ansi',
294 silly install resolved     _id: 'strip-ansi@3.0.0',
294 silly install resolved     _shasum: '7510b665567ca914ccb5d7e072763ac968be3724',
294 silly install resolved     _from: 'strip-ansi@>=3.0.0 <4.0.0',
294 silly install resolved     _npmVersion: '2.11.2',
294 silly install resolved     _nodeVersion: '0.12.5',
294 silly install resolved     _npmUser: { name: 'sindresorhus', email: 'sindresorhus@gmail.com' },
294 silly install resolved     dist:
294 silly install resolved      { shasum: '7510b665567ca914ccb5d7e072763ac968be3724',
294 silly install resolved        tarball: 'http://registry.npmjs.org/strip-ansi/-/strip-ansi-3.0.0.tgz' },
294 silly install resolved     directories: {},
294 silly install resolved     _resolved: 'https://registry.npmjs.org/strip-ansi/-/strip-ansi-3.0.0.tgz',
294 silly install resolved     readme: 'ERROR: No README data found!' },
294 silly install resolved   { name: 'has-ansi',
294 silly install resolved     version: '2.0.0',
294 silly install resolved     description: 'Check if a string has ANSI escape codes',
294 silly install resolved     license: 'MIT',
294 silly install resolved     repository:
294 silly install resolved      { type: 'git',
294 silly install resolved        url: 'git+https://github.com/sindresorhus/has-ansi.git' },
294 silly install resolved     author:
294 silly install resolved      { name: 'Sindre Sorhus',
294 silly install resolved        email: 'sindresorhus@gmail.com',
294 silly install resolved        url: 'sindresorhus.com' },
294 silly install resolved     maintainers: [ [Object], [Object] ],
294 silly install resolved     engines: { node: '>=0.10.0' },
294 silly install resolved     scripts: { test: 'node test.js' },
294 silly install resolved     files: [ 'index.js' ],
294 silly install resolved     keywords:
294 silly install resolved      [ 'ansi',
294 silly install resolved        'styles',
294 silly install resolved        'color',
294 silly install resolved        'colour',
294 silly install resolved        'colors',
294 silly install resolved        'terminal',
294 silly install resolved        'console',
294 silly install resolved        'string',
294 silly install resolved        'tty',
294 silly install resolved        'escape',
294 silly install resolved        'shell',
294 silly install resolved        'xterm',
294 silly install resolved        'command-line',
294 silly install resolved        'text',
294 silly install resolved        'regex',
294 silly install resolved        'regexp',
294 silly install resolved        're',
294 silly install resolved        'match',
294 silly install resolved        'test',
294 silly install resolved        'find',
294 silly install resolved        'pattern',
294 silly install resolved        'has' ],
294 silly install resolved     dependencies: { 'ansi-regex': '^2.0.0' },
294 silly install resolved     devDependencies: { ava: '0.0.4' },
294 silly install resolved     gitHead: '0722275e1bef139fcd09137da6e5550c3cd368b9',
294 silly install resolved     bugs: { url: 'https://github.com/sindresorhus/has-ansi/issues' },
294 silly install resolved     homepage: 'https://github.com/sindresorhus/has-ansi',
294 silly install resolved     _id: 'has-ansi@2.0.0',
294 silly install resolved     _shasum: '34f5049ce1ecdf2b0649af3ef24e45ed35416d91',
294 silly install resolved     _from: 'has-ansi@>=2.0.0 <3.0.0',
294 silly install resolved     _npmVersion: '2.11.2',
294 silly install resolved     _nodeVersion: '0.12.5',
294 silly install resolved     _npmUser: { name: 'sindresorhus', email: 'sindresorhus@gmail.com' },
294 silly install resolved     dist:
294 silly install resolved      { shasum: '34f5049ce1ecdf2b0649af3ef24e45ed35416d91',
294 silly install resolved        tarball: 'http://registry.npmjs.org/has-ansi/-/has-ansi-2.0.0.tgz' },
294 silly install resolved     directories: {},
294 silly install resolved     _resolved: 'https://registry.npmjs.org/has-ansi/-/has-ansi-2.0.0.tgz',
294 silly install resolved     readme: 'ERROR: No README data found!' } ]
295 info install escape-string-regexp@1.0.4 into D:\GitHub\MyBudget\MyBudget.Client\react\node_modules\run-sequence\node_modules\chalk
296 info install supports-color@2.0.0 into D:\GitHub\MyBudget\MyBudget.Client\react\node_modules\run-sequence\node_modules\chalk
297 info install ansi-styles@2.1.0 into D:\GitHub\MyBudget\MyBudget.Client\react\node_modules\run-sequence\node_modules\chalk
298 info install strip-ansi@3.0.0 into D:\GitHub\MyBudget\MyBudget.Client\react\node_modules\run-sequence\node_modules\chalk
299 info install has-ansi@2.0.0 into D:\GitHub\MyBudget\MyBudget.Client\react\node_modules\run-sequence\node_modules\chalk
300 info installOne escape-string-regexp@1.0.4
301 verbose installOne of escape-string-regexp to D:\GitHub\MyBudget\MyBudget.Client\react\node_modules\run-sequence\node_modules\chalk not in flight; installing
302 info installOne supports-color@2.0.0
303 verbose installOne of supports-color to D:\GitHub\MyBudget\MyBudget.Client\react\node_modules\run-sequence\node_modules\chalk not in flight; installing
304 info installOne ansi-styles@2.1.0
305 verbose installOne of ansi-styles to D:\GitHub\MyBudget\MyBudget.Client\react\node_modules\run-sequence\node_modules\chalk not in flight; installing
306 info installOne strip-ansi@3.0.0
307 verbose installOne of strip-ansi to D:\GitHub\MyBudget\MyBudget.Client\react\node_modules\run-sequence\node_modules\chalk not in flight; installing
308 info installOne has-ansi@2.0.0
309 verbose installOne of has-ansi to D:\GitHub\MyBudget\MyBudget.Client\react\node_modules\run-sequence\node_modules\chalk not in flight; installing
310 verbose lock using C:\Users\Dmitry\AppData\Roaming\npm-cache\_locks\supports-color-6c8ec56625f05f89.lock for D:\GitHub\MyBudget\MyBudget.Client\react\node_modules\run-sequence\node_modules\chalk\node_modules\supports-color
311 verbose lock using C:\Users\Dmitry\AppData\Roaming\npm-cache\_locks\escape-string-regexp-a308006b5c710d54.lock for D:\GitHub\MyBudget\MyBudget.Client\react\node_modules\run-sequence\node_modules\chalk\node_modules\escape-string-regexp
312 verbose lock using C:\Users\Dmitry\AppData\Roaming\npm-cache\_locks\ansi-styles-6ba83d6d559c438a.lock for D:\GitHub\MyBudget\MyBudget.Client\react\node_modules\run-sequence\node_modules\chalk\node_modules\ansi-styles
313 silly install write writing supports-color 2.0.0 to D:\GitHub\MyBudget\MyBudget.Client\react\node_modules\run-sequence\node_modules\chalk\node_modules\supports-color
314 silly install write writing escape-string-regexp 1.0.4 to D:\GitHub\MyBudget\MyBudget.Client\react\node_modules\run-sequence\node_modules\chalk\node_modules\escape-string-regexp
315 verbose lock using C:\Users\Dmitry\AppData\Roaming\npm-cache\_locks\strip-ansi-70ad512edba4611b.lock for D:\GitHub\MyBudget\MyBudget.Client\react\node_modules\run-sequence\node_modules\chalk\node_modules\strip-ansi
316 silly install write writing ansi-styles 2.1.0 to D:\GitHub\MyBudget\MyBudget.Client\react\node_modules\run-sequence\node_modules\chalk\node_modules\ansi-styles
317 verbose lock using C:\Users\Dmitry\AppData\Roaming\npm-cache\_locks\has-ansi-f633d7630c373b73.lock for D:\GitHub\MyBudget\MyBudget.Client\react\node_modules\run-sequence\node_modules\chalk\node_modules\has-ansi
318 silly install write writing strip-ansi 3.0.0 to D:\GitHub\MyBudget\MyBudget.Client\react\node_modules\run-sequence\node_modules\chalk\node_modules\strip-ansi
319 silly install write writing has-ansi 2.0.0 to D:\GitHub\MyBudget\MyBudget.Client\react\node_modules\run-sequence\node_modules\chalk\node_modules\has-ansi
320 verbose unbuild node_modules\run-sequence\node_modules\chalk\node_modules\escape-string-regexp
321 verbose unbuild node_modules\run-sequence\node_modules\chalk\node_modules\supports-color
322 verbose unbuild node_modules\run-sequence\node_modules\chalk\node_modules\ansi-styles
323 verbose unbuild node_modules\run-sequence\node_modules\chalk\node_modules\strip-ansi
324 silly gentlyRm D:\GitHub\MyBudget\MyBudget.Client\react\node_modules\run-sequence\node_modules\chalk\node_modules\escape-string-regexp is being purged from base D:\GitHub\MyBudget\MyBudget.Client\react
325 verbose gentlyRm don't care about contents; nuking D:\GitHub\MyBudget\MyBudget.Client\react\node_modules\run-sequence\node_modules\chalk\node_modules\escape-string-regexp
326 silly gentlyRm D:\GitHub\MyBudget\MyBudget.Client\react\node_modules\run-sequence\node_modules\chalk\node_modules\supports-color is being purged from base D:\GitHub\MyBudget\MyBudget.Client\react
327 verbose gentlyRm don't care about contents; nuking D:\GitHub\MyBudget\MyBudget.Client\react\node_modules\run-sequence\node_modules\chalk\node_modules\supports-color
328 verbose unbuild node_modules\run-sequence\node_modules\chalk\node_modules\has-ansi
329 silly gentlyRm D:\GitHub\MyBudget\MyBudget.Client\react\node_modules\run-sequence\node_modules\chalk\node_modules\ansi-styles is being purged from base D:\GitHub\MyBudget\MyBudget.Client\react
330 verbose gentlyRm don't care about contents; nuking D:\GitHub\MyBudget\MyBudget.Client\react\node_modules\run-sequence\node_modules\chalk\node_modules\ansi-styles
331 verbose tar unpack C:\Users\Dmitry\AppData\Roaming\npm-cache\escape-string-regexp\1.0.4\package.tgz
332 verbose tar unpacking to D:\GitHub\MyBudget\MyBudget.Client\react\node_modules\run-sequence\node_modules\chalk\node_modules\escape-string-regexp
333 silly gentlyRm D:\GitHub\MyBudget\MyBudget.Client\react\node_modules\run-sequence\node_modules\chalk\node_modules\escape-string-regexp is being purged
334 verbose gentlyRm don't care about contents; nuking D:\GitHub\MyBudget\MyBudget.Client\react\node_modules\run-sequence\node_modules\chalk\node_modules\escape-string-regexp
335 verbose tar unpack C:\Users\Dmitry\AppData\Roaming\npm-cache\supports-color\2.0.0\package.tgz
336 verbose tar unpacking to D:\GitHub\MyBudget\MyBudget.Client\react\node_modules\run-sequence\node_modules\chalk\node_modules\supports-color
337 silly gentlyRm D:\GitHub\MyBudget\MyBudget.Client\react\node_modules\run-sequence\node_modules\chalk\node_modules\supports-color is being purged
338 verbose gentlyRm don't care about contents; nuking D:\GitHub\MyBudget\MyBudget.Client\react\node_modules\run-sequence\node_modules\chalk\node_modules\supports-color
339 verbose tar unpack C:\Users\Dmitry\AppData\Roaming\npm-cache\ansi-styles\2.1.0\package.tgz
340 verbose tar unpacking to D:\GitHub\MyBudget\MyBudget.Client\react\node_modules\run-sequence\node_modules\chalk\node_modules\ansi-styles
341 silly gentlyRm D:\GitHub\MyBudget\MyBudget.Client\react\node_modules\run-sequence\node_modules\chalk\node_modules\ansi-styles is being purged
342 verbose gentlyRm don't care about contents; nuking D:\GitHub\MyBudget\MyBudget.Client\react\node_modules\run-sequence\node_modules\chalk\node_modules\ansi-styles
343 silly gentlyRm D:\GitHub\MyBudget\MyBudget.Client\react\node_modules\run-sequence\node_modules\chalk\node_modules\strip-ansi is being purged from base D:\GitHub\MyBudget\MyBudget.Client\react
344 verbose gentlyRm don't care about contents; nuking D:\GitHub\MyBudget\MyBudget.Client\react\node_modules\run-sequence\node_modules\chalk\node_modules\strip-ansi
345 silly gunzTarPerm modes [ '777', '666' ]
346 silly gunzTarPerm modes [ '777', '666' ]
347 silly gentlyRm D:\GitHub\MyBudget\MyBudget.Client\react\node_modules\run-sequence\node_modules\chalk\node_modules\has-ansi is being purged from base D:\GitHub\MyBudget\MyBudget.Client\react
348 verbose gentlyRm don't care about contents; nuking D:\GitHub\MyBudget\MyBudget.Client\react\node_modules\run-sequence\node_modules\chalk\node_modules\has-ansi
349 silly gunzTarPerm modes [ '777', '666' ]
350 verbose tar unpack C:\Users\Dmitry\AppData\Roaming\npm-cache\strip-ansi\3.0.0\package.tgz
351 verbose tar unpacking to D:\GitHub\MyBudget\MyBudget.Client\react\node_modules\run-sequence\node_modules\chalk\node_modules\strip-ansi
352 silly gentlyRm D:\GitHub\MyBudget\MyBudget.Client\react\node_modules\run-sequence\node_modules\chalk\node_modules\strip-ansi is being purged
353 verbose gentlyRm don't care about contents; nuking D:\GitHub\MyBudget\MyBudget.Client\react\node_modules\run-sequence\node_modules\chalk\node_modules\strip-ansi
354 verbose tar unpack C:\Users\Dmitry\AppData\Roaming\npm-cache\has-ansi\2.0.0\package.tgz
355 verbose tar unpacking to D:\GitHub\MyBudget\MyBudget.Client\react\node_modules\run-sequence\node_modules\chalk\node_modules\has-ansi
356 silly gentlyRm D:\GitHub\MyBudget\MyBudget.Client\react\node_modules\run-sequence\node_modules\chalk\node_modules\has-ansi is being purged
357 verbose gentlyRm don't care about contents; nuking D:\GitHub\MyBudget\MyBudget.Client\react\node_modules\run-sequence\node_modules\chalk\node_modules\has-ansi
358 silly gunzTarPerm modes [ '777', '666' ]
359 silly gunzTarPerm modes [ '777', '666' ]
360 silly gunzTarPerm extractEntry package.json
361 silly gunzTarPerm modified mode [ 'package.json', 420, 438 ]
362 silly gunzTarPerm extractEntry package.json
363 silly gunzTarPerm modified mode [ 'package.json', 420, 438 ]
364 silly gunzTarPerm extractEntry package.json
365 silly gunzTarPerm modified mode [ 'package.json', 420, 438 ]
366 silly gunzTarPerm extractEntry package.json
367 silly gunzTarPerm modified mode [ 'package.json', 420, 438 ]
368 silly gunzTarPerm extractEntry package.json
369 silly gunzTarPerm modified mode [ 'package.json', 420, 438 ]
370 silly gunzTarPerm extractEntry index.js
371 silly gunzTarPerm modified mode [ 'index.js', 420, 438 ]
372 silly gunzTarPerm extractEntry license
373 silly gunzTarPerm modified mode [ 'license', 420, 438 ]
374 silly gunzTarPerm extractEntry index.js
375 silly gunzTarPerm modified mode [ 'index.js', 420, 438 ]
376 silly gunzTarPerm extractEntry license
377 silly gunzTarPerm modified mode [ 'license', 420, 438 ]
378 silly gunzTarPerm extractEntry index.js
379 silly gunzTarPerm modified mode [ 'index.js', 420, 438 ]
380 silly gunzTarPerm extractEntry license
381 silly gunzTarPerm modified mode [ 'license', 420, 438 ]
382 silly gunzTarPerm extractEntry index.js
383 silly gunzTarPerm modified mode [ 'index.js', 420, 438 ]
384 silly gunzTarPerm extractEntry license
385 silly gunzTarPerm modified mode [ 'license', 420, 438 ]
386 silly gunzTarPerm extractEntry index.js
387 silly gunzTarPerm modified mode [ 'index.js', 420, 438 ]
388 silly gunzTarPerm extractEntry license
389 silly gunzTarPerm modified mode [ 'license', 420, 438 ]
390 silly gunzTarPerm extractEntry readme.md
391 silly gunzTarPerm modified mode [ 'readme.md', 420, 438 ]
392 silly gunzTarPerm extractEntry readme.md
393 silly gunzTarPerm modified mode [ 'readme.md', 420, 438 ]
394 silly gunzTarPerm extractEntry readme.md
395 silly gunzTarPerm modified mode [ 'readme.md', 420, 438 ]
396 silly gunzTarPerm extractEntry readme.md
397 silly gunzTarPerm modified mode [ 'readme.md', 420, 438 ]
398 silly gunzTarPerm extractEntry readme.md
399 silly gunzTarPerm modified mode [ 'readme.md', 420, 438 ]
400 verbose write writing to D:\GitHub\MyBudget\MyBudget.Client\react\node_modules\run-sequence\node_modules\chalk\node_modules\supports-color\package.json
401 verbose write writing to D:\GitHub\MyBudget\MyBudget.Client\react\node_modules\run-sequence\node_modules\chalk\node_modules\escape-string-regexp\package.json
402 verbose write writing to D:\GitHub\MyBudget\MyBudget.Client\react\node_modules\run-sequence\node_modules\chalk\node_modules\has-ansi\package.json
403 verbose write writing to D:\GitHub\MyBudget\MyBudget.Client\react\node_modules\run-sequence\node_modules\chalk\node_modules\strip-ansi\package.json
404 verbose write writing to D:\GitHub\MyBudget\MyBudget.Client\react\node_modules\run-sequence\node_modules\chalk\node_modules\ansi-styles\package.json
405 info preinstall supports-color@2.0.0
406 info preinstall escape-string-regexp@1.0.4
407 verbose readDependencies loading dependencies from D:\GitHub\MyBudget\MyBudget.Client\react\node_modules\run-sequence\node_modules\chalk\node_modules\supports-color\package.json
408 info preinstall has-ansi@2.0.0
409 info preinstall strip-ansi@3.0.0
410 verbose readDependencies loading dependencies from D:\GitHub\MyBudget\MyBudget.Client\react\node_modules\run-sequence\node_modules\chalk\node_modules\escape-string-regexp\package.json
411 verbose readDependencies loading dependencies from D:\GitHub\MyBudget\MyBudget.Client\react\node_modules\run-sequence\node_modules\chalk\node_modules\has-ansi\package.json
412 verbose readDependencies loading dependencies from D:\GitHub\MyBudget\MyBudget.Client\react\node_modules\run-sequence\node_modules\chalk\node_modules\strip-ansi\package.json
413 info preinstall ansi-styles@2.1.0
414 verbose readDependencies loading dependencies from D:\GitHub\MyBudget\MyBudget.Client\react\node_modules\run-sequence\node_modules\chalk\node_modules\ansi-styles\package.json
415 verbose readDependencies loading dependencies from D:\GitHub\MyBudget\MyBudget.Client\react\node_modules\run-sequence\node_modules\chalk\node_modules\supports-color\package.json
416 verbose readDependencies loading dependencies from D:\GitHub\MyBudget\MyBudget.Client\react\node_modules\run-sequence\node_modules\chalk\node_modules\escape-string-regexp\package.json
417 silly prepareForInstallMany adding ansi-regex@^2.0.0 from has-ansi dependencies
418 verbose readDependencies loading dependencies from D:\GitHub\MyBudget\MyBudget.Client\react\node_modules\run-sequence\node_modules\chalk\node_modules\has-ansi\package.json
419 silly prepareForInstallMany adding ansi-regex@^2.0.0 from strip-ansi dependencies
420 verbose readDependencies loading dependencies from D:\GitHub\MyBudget\MyBudget.Client\react\node_modules\run-sequence\node_modules\chalk\node_modules\strip-ansi\package.json
421 verbose readDependencies loading dependencies from D:\GitHub\MyBudget\MyBudget.Client\react\node_modules\run-sequence\node_modules\chalk\node_modules\ansi-styles\package.json
422 silly install resolved []
423 verbose about to build D:\GitHub\MyBudget\MyBudget.Client\react\node_modules\run-sequence\node_modules\chalk\node_modules\supports-color
424 info build D:\GitHub\MyBudget\MyBudget.Client\react\node_modules\run-sequence\node_modules\chalk\node_modules\supports-color
425 silly install resolved []
426 verbose about to build D:\GitHub\MyBudget\MyBudget.Client\react\node_modules\run-sequence\node_modules\chalk\node_modules\escape-string-regexp
427 info build D:\GitHub\MyBudget\MyBudget.Client\react\node_modules\run-sequence\node_modules\chalk\node_modules\escape-string-regexp
428 silly cache add args [ 'ansi-regex@^2.0.0', null ]
429 verbose cache add spec ansi-regex@^2.0.0
430 silly cache add parsed spec Result {
430 silly cache add   raw: 'ansi-regex@^2.0.0',
430 silly cache add   scope: null,
430 silly cache add   name: 'ansi-regex',
430 silly cache add   rawSpec: '^2.0.0',
430 silly cache add   spec: '>=2.0.0 <3.0.0',
430 silly cache add   type: 'range' }
431 silly addNamed ansi-regex@>=2.0.0 <3.0.0
432 verbose addNamed ">=2.0.0 <3.0.0" is a valid semver range for ansi-regex
433 silly addNameRange { name: 'ansi-regex', range: '>=2.0.0 <3.0.0', hasData: false }
434 silly mapToRegistry name ansi-regex
435 silly mapToRegistry using default registry
436 silly mapToRegistry registry https://registry.npmjs.org/
437 silly mapToRegistry uri https://registry.npmjs.org/ansi-regex
438 verbose addNameRange registry:https://registry.npmjs.org/ansi-regex not in flight; fetching
439 silly cache add args [ 'ansi-regex@^2.0.0', null ]
440 verbose cache add spec ansi-regex@^2.0.0
441 silly cache add parsed spec Result {
441 silly cache add   raw: 'ansi-regex@^2.0.0',
441 silly cache add   scope: null,
441 silly cache add   name: 'ansi-regex',
441 silly cache add   rawSpec: '^2.0.0',
441 silly cache add   spec: '>=2.0.0 <3.0.0',
441 silly cache add   type: 'range' }
442 silly addNamed ansi-regex@>=2.0.0 <3.0.0
443 verbose addNamed ">=2.0.0 <3.0.0" is a valid semver range for ansi-regex
444 silly addNameRange { name: 'ansi-regex', range: '>=2.0.0 <3.0.0', hasData: false }
445 silly mapToRegistry name ansi-regex
446 silly mapToRegistry using default registry
447 silly mapToRegistry registry https://registry.npmjs.org/
448 silly mapToRegistry uri https://registry.npmjs.org/ansi-regex
449 verbose addNameRange registry:https://registry.npmjs.org/ansi-regex already in flight; waiting
450 silly install resolved []
451 verbose about to build D:\GitHub\MyBudget\MyBudget.Client\react\node_modules\run-sequence\node_modules\chalk\node_modules\ansi-styles
452 info build D:\GitHub\MyBudget\MyBudget.Client\react\node_modules\run-sequence\node_modules\chalk\node_modules\ansi-styles
453 info linkStuff supports-color@2.0.0
454 silly linkStuff supports-color@2.0.0 has D:\GitHub\MyBudget\MyBudget.Client\react\node_modules\run-sequence\node_modules\chalk\node_modules as its parent node_modules
455 info linkStuff escape-string-regexp@1.0.4
456 silly linkStuff escape-string-regexp@1.0.4 has D:\GitHub\MyBudget\MyBudget.Client\react\node_modules\run-sequence\node_modules\chalk\node_modules as its parent node_modules
457 verbose request uri https://registry.npmjs.org/ansi-regex
458 verbose request no auth needed
459 info attempt registry request try #1 at 22:45:44
460 verbose etag "1MRHZG3BYMGFOFAI4EBGRPR9U"
461 http request GET https://registry.npmjs.org/ansi-regex
462 info linkStuff ansi-styles@2.1.0
463 silly linkStuff ansi-styles@2.1.0 has D:\GitHub\MyBudget\MyBudget.Client\react\node_modules\run-sequence\node_modules\chalk\node_modules as its parent node_modules
464 verbose linkBins supports-color@2.0.0
465 verbose linkMans supports-color@2.0.0
466 verbose rebuildBundles supports-color@2.0.0
467 info install supports-color@2.0.0
468 verbose linkBins escape-string-regexp@1.0.4
469 verbose linkMans escape-string-regexp@1.0.4
470 verbose rebuildBundles escape-string-regexp@1.0.4
471 info postinstall supports-color@2.0.0
472 info install escape-string-regexp@1.0.4
473 verbose linkBins ansi-styles@2.1.0
474 verbose linkMans ansi-styles@2.1.0
475 verbose rebuildBundles ansi-styles@2.1.0
476 info install ansi-styles@2.1.0
477 info postinstall escape-string-regexp@1.0.4
478 verbose unlock done using C:\Users\Dmitry\AppData\Roaming\npm-cache\_locks\supports-color-6c8ec56625f05f89.lock for D:\GitHub\MyBudget\MyBudget.Client\react\node_modules\run-sequence\node_modules\chalk\node_modules\supports-color
479 info postinstall ansi-styles@2.1.0
480 verbose unlock done using C:\Users\Dmitry\AppData\Roaming\npm-cache\_locks\escape-string-regexp-a308006b5c710d54.lock for D:\GitHub\MyBudget\MyBudget.Client\react\node_modules\run-sequence\node_modules\chalk\node_modules\escape-string-regexp
481 verbose unlock done using C:\Users\Dmitry\AppData\Roaming\npm-cache\_locks\ansi-styles-6ba83d6d559c438a.lock for D:\GitHub\MyBudget\MyBudget.Client\react\node_modules\run-sequence\node_modules\chalk\node_modules\ansi-styles
482 http 304 https://registry.npmjs.org/ansi-regex
483 verbose headers { date: 'Sat, 16 Jan 2016 19:45:44 GMT',
483 verbose headers   via: '1.1 varnish',
483 verbose headers   'cache-control': 'max-age=300',
483 verbose headers   etag: '"1MRHZG3BYMGFOFAI4EBGRPR9U"',
483 verbose headers   age: '290',
483 verbose headers   connection: 'keep-alive',
483 verbose headers   'x-served-by': 'cache-lcy1123-LCY',
483 verbose headers   'x-cache': 'HIT',
483 verbose headers   'x-cache-hits': '5',
483 verbose headers   'x-timer': 'S1452973544.660458,VS0,VE0',
483 verbose headers   vary: 'Accept' }
484 silly get cb [ 304,
484 silly get   { date: 'Sat, 16 Jan 2016 19:45:44 GMT',
484 silly get     via: '1.1 varnish',
484 silly get     'cache-control': 'max-age=300',
484 silly get     etag: '"1MRHZG3BYMGFOFAI4EBGRPR9U"',
484 silly get     age: '290',
484 silly get     connection: 'keep-alive',
484 silly get     'x-served-by': 'cache-lcy1123-LCY',
484 silly get     'x-cache': 'HIT',
484 silly get     'x-cache-hits': '5',
484 silly get     'x-timer': 'S1452973544.660458,VS0,VE0',
484 silly get     vary: 'Accept' } ]
485 verbose etag https://registry.npmjs.org/ansi-regex from cache
486 verbose get saving ansi-regex to C:\Users\Dmitry\AppData\Roaming\npm-cache\registry.npmjs.org\ansi-regex\.cache.json
487 silly addNameRange number 2 { name: 'ansi-regex', range: '>=2.0.0 <3.0.0', hasData: true }
488 silly addNameRange versions [ 'ansi-regex',
488 silly addNameRange   [ '0.1.0', '0.2.0', '0.2.1', '1.0.0', '1.1.0', '1.1.1', '2.0.0' ] ]
489 silly addNamed ansi-regex@2.0.0
490 verbose addNamed "2.0.0" is a plain semver version for ansi-regex
491 silly addNameRange number 2 { name: 'ansi-regex', range: '>=2.0.0 <3.0.0', hasData: true }
492 silly addNameRange versions [ 'ansi-regex',
492 silly addNameRange   [ '0.1.0', '0.2.0', '0.2.1', '1.0.0', '1.1.0', '1.1.1', '2.0.0' ] ]
493 silly addNamed ansi-regex@2.0.0
494 verbose addNamed "2.0.0" is a plain semver version for ansi-regex
495 silly cache afterAdd ansi-regex@2.0.0
496 verbose afterAdd C:\Users\Dmitry\AppData\Roaming\npm-cache\ansi-regex\2.0.0\package\package.json not in flight; writing
497 silly cache afterAdd ansi-regex@2.0.0
498 verbose afterAdd C:\Users\Dmitry\AppData\Roaming\npm-cache\ansi-regex\2.0.0\package\package.json already in flight; not writing
499 verbose afterAdd C:\Users\Dmitry\AppData\Roaming\npm-cache\ansi-regex\2.0.0\package\package.json written
500 silly install resolved [ { name: 'ansi-regex',
500 silly install resolved     version: '2.0.0',
500 silly install resolved     description: 'Regular expression for matching ANSI escape codes',
500 silly install resolved     license: 'MIT',
500 silly install resolved     repository:
500 silly install resolved      { type: 'git',
500 silly install resolved        url: 'git+https://github.com/sindresorhus/ansi-regex.git' },
500 silly install resolved     author:
500 silly install resolved      { name: 'Sindre Sorhus',
500 silly install resolved        email: 'sindresorhus@gmail.com',
500 silly install resolved        url: 'sindresorhus.com' },
500 silly install resolved     maintainers: [ [Object], [Object] ],
500 silly install resolved     engines: { node: '>=0.10.0' },
500 silly install resolved     scripts:
500 silly install resolved      { test: 'mocha test/test.js',
500 silly install resolved        'view-supported': 'node test/viewCodes.js' },
500 silly install resolved     files: [ 'index.js' ],
500 silly install resolved     keywords:
500 silly install resolved      [ 'ansi',
500 silly install resolved        'styles',
500 silly install resolved        'color',
500 silly install resolved        'colour',
500 silly install resolved        'colors',
500 silly install resolved        'terminal',
500 silly install resolved        'console',
500 silly install resolved        'cli',
500 silly install resolved        'string',
500 silly install resolved        'tty',
500 silly install resolved        'escape',
500 silly install resolved        'formatting',
500 silly install resolved        'rgb',
500 silly install resolved        '256',
500 silly install resolved        'shell',
500 silly install resolved        'xterm',
500 silly install resolved        'command-line',
500 silly install resolved        'text',
500 silly install resolved        'regex',
500 silly install resolved        'regexp',
500 silly install resolved        're',
500 silly install resolved        'match',
500 silly install resolved        'test',
500 silly install resolved        'find',
500 silly install resolved        'pattern' ],
500 silly install resolved     devDependencies: { mocha: '*' },
500 silly install resolved     gitHead: '57c3f2941a73079fa8b081e02a522e3d29913e2f',
500 silly install resolved     bugs: { url: 'https://github.com/sindresorhus/ansi-regex/issues' },
500 silly install resolved     homepage: 'https://github.com/sindresorhus/ansi-regex',
500 silly install resolved     _id: 'ansi-regex@2.0.0',
500 silly install resolved     _shasum: 'c5061b6e0ef8a81775e50f5d66151bf6bf371107',
500 silly install resolved     _from: 'ansi-regex@>=2.0.0 <3.0.0',
500 silly install resolved     _npmVersion: '2.11.2',
500 silly install resolved     _nodeVersion: '0.12.5',
500 silly install resolved     _npmUser: { name: 'sindresorhus', email: 'sindresorhus@gmail.com' },
500 silly install resolved     dist:
500 silly install resolved      { shasum: 'c5061b6e0ef8a81775e50f5d66151bf6bf371107',
500 silly install resolved        tarball: 'http://registry.npmjs.org/ansi-regex/-/ansi-regex-2.0.0.tgz' },
500 silly install resolved     directories: {},
500 silly install resolved     _resolved: 'https://registry.npmjs.org/ansi-regex/-/ansi-regex-2.0.0.tgz',
500 silly install resolved     readme: 'ERROR: No README data found!' } ]
501 info install ansi-regex@2.0.0 into D:\GitHub\MyBudget\MyBudget.Client\react\node_modules\run-sequence\node_modules\chalk\node_modules\has-ansi
502 info installOne ansi-regex@2.0.0
503 verbose installOne of ansi-regex to D:\GitHub\MyBudget\MyBudget.Client\react\node_modules\run-sequence\node_modules\chalk\node_modules\has-ansi not in flight; installing
504 silly install resolved [ { name: 'ansi-regex',
504 silly install resolved     version: '2.0.0',
504 silly install resolved     description: 'Regular expression for matching ANSI escape codes',
504 silly install resolved     license: 'MIT',
504 silly install resolved     repository:
504 silly install resolved      { type: 'git',
504 silly install resolved        url: 'git+https://github.com/sindresorhus/ansi-regex.git' },
504 silly install resolved     author:
504 silly install resolved      { name: 'Sindre Sorhus',
504 silly install resolved        email: 'sindresorhus@gmail.com',
504 silly install resolved        url: 'sindresorhus.com' },
504 silly install resolved     maintainers: [ [Object], [Object] ],
504 silly install resolved     engines: { node: '>=0.10.0' },
504 silly install resolved     scripts:
504 silly install resolved      { test: 'mocha test/test.js',
504 silly install resolved        'view-supported': 'node test/viewCodes.js' },
504 silly install resolved     files: [ 'index.js' ],
504 silly install resolved     keywords:
504 silly install resolved      [ 'ansi',
504 silly install resolved        'styles',
504 silly install resolved        'color',
504 silly install resolved        'colour',
504 silly install resolved        'colors',
504 silly install resolved        'terminal',
504 silly install resolved        'console',
504 silly install resolved        'cli',
504 silly install resolved        'string',
504 silly install resolved        'tty',
504 silly install resolved        'escape',
504 silly install resolved        'formatting',
504 silly install resolved        'rgb',
504 silly install resolved        '256',
504 silly install resolved        'shell',
504 silly install resolved        'xterm',
504 silly install resolved        'command-line',
504 silly install resolved        'text',
504 silly install resolved        'regex',
504 silly install resolved        'regexp',
504 silly install resolved        're',
504 silly install resolved        'match',
504 silly install resolved        'test',
504 silly install resolved        'find',
504 silly install resolved        'pattern' ],
504 silly install resolved     devDependencies: { mocha: '*' },
504 silly install resolved     gitHead: '57c3f2941a73079fa8b081e02a522e3d29913e2f',
504 silly install resolved     bugs: { url: 'https://github.com/sindresorhus/ansi-regex/issues' },
504 silly install resolved     homepage: 'https://github.com/sindresorhus/ansi-regex',
504 silly install resolved     _id: 'ansi-regex@2.0.0',
504 silly install resolved     _shasum: 'c5061b6e0ef8a81775e50f5d66151bf6bf371107',
504 silly install resolved     _from: 'ansi-regex@>=2.0.0 <3.0.0',
504 silly install resolved     _npmVersion: '2.11.2',
504 silly install resolved     _nodeVersion: '0.12.5',
504 silly install resolved     _npmUser: { name: 'sindresorhus', email: 'sindresorhus@gmail.com' },
504 silly install resolved     dist:
504 silly install resolved      { shasum: 'c5061b6e0ef8a81775e50f5d66151bf6bf371107',
504 silly install resolved        tarball: 'http://registry.npmjs.org/ansi-regex/-/ansi-regex-2.0.0.tgz' },
504 silly install resolved     directories: {},
504 silly install resolved     _resolved: 'https://registry.npmjs.org/ansi-regex/-/ansi-regex-2.0.0.tgz',
504 silly install resolved     readme: 'ERROR: No README data found!' } ]
505 info install ansi-regex@2.0.0 into D:\GitHub\MyBudget\MyBudget.Client\react\node_modules\run-sequence\node_modules\chalk\node_modules\strip-ansi
506 info installOne ansi-regex@2.0.0
507 verbose installOne of ansi-regex to D:\GitHub\MyBudget\MyBudget.Client\react\node_modules\run-sequence\node_modules\chalk\node_modules\strip-ansi not in flight; installing
508 verbose lock using C:\Users\Dmitry\AppData\Roaming\npm-cache\_locks\ansi-regex-bcb9136c82312910.lock for D:\GitHub\MyBudget\MyBudget.Client\react\node_modules\run-sequence\node_modules\chalk\node_modules\strip-ansi\node_modules\ansi-regex
509 verbose lock using C:\Users\Dmitry\AppData\Roaming\npm-cache\_locks\ansi-regex-257d68a9c4118034.lock for D:\GitHub\MyBudget\MyBudget.Client\react\node_modules\run-sequence\node_modules\chalk\node_modules\has-ansi\node_modules\ansi-regex
510 silly install write writing ansi-regex 2.0.0 to D:\GitHub\MyBudget\MyBudget.Client\react\node_modules\run-sequence\node_modules\chalk\node_modules\strip-ansi\node_modules\ansi-regex
511 silly install write writing ansi-regex 2.0.0 to D:\GitHub\MyBudget\MyBudget.Client\react\node_modules\run-sequence\node_modules\chalk\node_modules\has-ansi\node_modules\ansi-regex
512 verbose unbuild node_modules\run-sequence\node_modules\chalk\node_modules\strip-ansi\node_modules\ansi-regex
513 verbose unbuild node_modules\run-sequence\node_modules\chalk\node_modules\has-ansi\node_modules\ansi-regex
514 silly gentlyRm D:\GitHub\MyBudget\MyBudget.Client\react\node_modules\run-sequence\node_modules\chalk\node_modules\strip-ansi\node_modules\ansi-regex is being purged from base D:\GitHub\MyBudget\MyBudget.Client\react
515 verbose gentlyRm don't care about contents; nuking D:\GitHub\MyBudget\MyBudget.Client\react\node_modules\run-sequence\node_modules\chalk\node_modules\strip-ansi\node_modules\ansi-regex
516 silly gentlyRm D:\GitHub\MyBudget\MyBudget.Client\react\node_modules\run-sequence\node_modules\chalk\node_modules\has-ansi\node_modules\ansi-regex is being purged from base D:\GitHub\MyBudget\MyBudget.Client\react
517 verbose gentlyRm don't care about contents; nuking D:\GitHub\MyBudget\MyBudget.Client\react\node_modules\run-sequence\node_modules\chalk\node_modules\has-ansi\node_modules\ansi-regex
518 verbose tar unpack C:\Users\Dmitry\AppData\Roaming\npm-cache\ansi-regex\2.0.0\package.tgz
519 verbose tar unpacking to D:\GitHub\MyBudget\MyBudget.Client\react\node_modules\run-sequence\node_modules\chalk\node_modules\strip-ansi\node_modules\ansi-regex
520 silly gentlyRm D:\GitHub\MyBudget\MyBudget.Client\react\node_modules\run-sequence\node_modules\chalk\node_modules\strip-ansi\node_modules\ansi-regex is being purged
521 verbose gentlyRm don't care about contents; nuking D:\GitHub\MyBudget\MyBudget.Client\react\node_modules\run-sequence\node_modules\chalk\node_modules\strip-ansi\node_modules\ansi-regex
522 verbose tar unpack C:\Users\Dmitry\AppData\Roaming\npm-cache\ansi-regex\2.0.0\package.tgz
523 verbose tar unpacking to D:\GitHub\MyBudget\MyBudget.Client\react\node_modules\run-sequence\node_modules\chalk\node_modules\has-ansi\node_modules\ansi-regex
524 silly gentlyRm D:\GitHub\MyBudget\MyBudget.Client\react\node_modules\run-sequence\node_modules\chalk\node_modules\has-ansi\node_modules\ansi-regex is being purged
525 verbose gentlyRm don't care about contents; nuking D:\GitHub\MyBudget\MyBudget.Client\react\node_modules\run-sequence\node_modules\chalk\node_modules\has-ansi\node_modules\ansi-regex
526 silly gunzTarPerm modes [ '777', '666' ]
527 silly gunzTarPerm modes [ '777', '666' ]
528 silly gunzTarPerm extractEntry package.json
529 silly gunzTarPerm modified mode [ 'package.json', 420, 438 ]
530 silly gunzTarPerm extractEntry package.json
531 silly gunzTarPerm modified mode [ 'package.json', 420, 438 ]
532 silly gunzTarPerm extractEntry index.js
533 silly gunzTarPerm modified mode [ 'index.js', 420, 438 ]
534 silly gunzTarPerm extractEntry license
535 silly gunzTarPerm modified mode [ 'license', 420, 438 ]
536 silly gunzTarPerm extractEntry index.js
537 silly gunzTarPerm modified mode [ 'index.js', 420, 438 ]
538 silly gunzTarPerm extractEntry license
539 silly gunzTarPerm modified mode [ 'license', 420, 438 ]
540 silly gunzTarPerm extractEntry readme.md
541 silly gunzTarPerm modified mode [ 'readme.md', 420, 438 ]
542 silly gunzTarPerm extractEntry readme.md
543 silly gunzTarPerm modified mode [ 'readme.md', 420, 438 ]
544 verbose write writing to D:\GitHub\MyBudget\MyBudget.Client\react\node_modules\run-sequence\node_modules\chalk\node_modules\strip-ansi\node_modules\ansi-regex\package.json
545 verbose write writing to D:\GitHub\MyBudget\MyBudget.Client\react\node_modules\run-sequence\node_modules\chalk\node_modules\has-ansi\node_modules\ansi-regex\package.json
546 info preinstall ansi-regex@2.0.0
547 info preinstall ansi-regex@2.0.0
548 verbose readDependencies loading dependencies from D:\GitHub\MyBudget\MyBudget.Client\react\node_modules\run-sequence\node_modules\chalk\node_modules\strip-ansi\node_modules\ansi-regex\package.json
549 verbose readDependencies loading dependencies from D:\GitHub\MyBudget\MyBudget.Client\react\node_modules\run-sequence\node_modules\chalk\node_modules\has-ansi\node_modules\ansi-regex\package.json
550 verbose readDependencies loading dependencies from D:\GitHub\MyBudget\MyBudget.Client\react\node_modules\run-sequence\node_modules\chalk\node_modules\strip-ansi\node_modules\ansi-regex\package.json
551 verbose readDependencies loading dependencies from D:\GitHub\MyBudget\MyBudget.Client\react\node_modules\run-sequence\node_modules\chalk\node_modules\has-ansi\node_modules\ansi-regex\package.json
552 silly install resolved []
553 verbose about to build D:\GitHub\MyBudget\MyBudget.Client\react\node_modules\run-sequence\node_modules\chalk\node_modules\strip-ansi\node_modules\ansi-regex
554 info build D:\GitHub\MyBudget\MyBudget.Client\react\node_modules\run-sequence\node_modules\chalk\node_modules\strip-ansi\node_modules\ansi-regex
555 silly install resolved []
556 verbose about to build D:\GitHub\MyBudget\MyBudget.Client\react\node_modules\run-sequence\node_modules\chalk\node_modules\has-ansi\node_modules\ansi-regex
557 info build D:\GitHub\MyBudget\MyBudget.Client\react\node_modules\run-sequence\node_modules\chalk\node_modules\has-ansi\node_modules\ansi-regex
558 info linkStuff ansi-regex@2.0.0
559 silly linkStuff ansi-regex@2.0.0 has D:\GitHub\MyBudget\MyBudget.Client\react\node_modules\run-sequence\node_modules\chalk\node_modules\strip-ansi\node_modules as its parent node_modules
560 info linkStuff ansi-regex@2.0.0
561 silly linkStuff ansi-regex@2.0.0 has D:\GitHub\MyBudget\MyBudget.Client\react\node_modules\run-sequence\node_modules\chalk\node_modules\has-ansi\node_modules as its parent node_modules
562 verbose linkBins ansi-regex@2.0.0
563 verbose linkMans ansi-regex@2.0.0
564 verbose rebuildBundles ansi-regex@2.0.0
565 info install ansi-regex@2.0.0
566 verbose linkBins ansi-regex@2.0.0
567 verbose linkMans ansi-regex@2.0.0
568 verbose rebuildBundles ansi-regex@2.0.0
569 info install ansi-regex@2.0.0
570 info postinstall ansi-regex@2.0.0
571 info postinstall ansi-regex@2.0.0
572 verbose unlock done using C:\Users\Dmitry\AppData\Roaming\npm-cache\_locks\ansi-regex-bcb9136c82312910.lock for D:\GitHub\MyBudget\MyBudget.Client\react\node_modules\run-sequence\node_modules\chalk\node_modules\strip-ansi\node_modules\ansi-regex
573 verbose about to build D:\GitHub\MyBudget\MyBudget.Client\react\node_modules\run-sequence\node_modules\chalk\node_modules\strip-ansi
574 info build D:\GitHub\MyBudget\MyBudget.Client\react\node_modules\run-sequence\node_modules\chalk\node_modules\strip-ansi
575 verbose unlock done using C:\Users\Dmitry\AppData\Roaming\npm-cache\_locks\ansi-regex-257d68a9c4118034.lock for D:\GitHub\MyBudget\MyBudget.Client\react\node_modules\run-sequence\node_modules\chalk\node_modules\has-ansi\node_modules\ansi-regex
576 verbose about to build D:\GitHub\MyBudget\MyBudget.Client\react\node_modules\run-sequence\node_modules\chalk\node_modules\has-ansi
577 info build D:\GitHub\MyBudget\MyBudget.Client\react\node_modules\run-sequence\node_modules\chalk\node_modules\has-ansi
578 info linkStuff strip-ansi@3.0.0
579 silly linkStuff strip-ansi@3.0.0 has D:\GitHub\MyBudget\MyBudget.Client\react\node_modules\run-sequence\node_modules\chalk\node_modules as its parent node_modules
580 info linkStuff has-ansi@2.0.0
581 silly linkStuff has-ansi@2.0.0 has D:\GitHub\MyBudget\MyBudget.Client\react\node_modules\run-sequence\node_modules\chalk\node_modules as its parent node_modules
582 verbose linkBins strip-ansi@3.0.0
583 verbose linkMans strip-ansi@3.0.0
584 verbose rebuildBundles strip-ansi@3.0.0
585 verbose linkBins has-ansi@2.0.0
586 verbose linkMans has-ansi@2.0.0
587 verbose rebuildBundles has-ansi@2.0.0
588 verbose rebuildBundles [ 'ansi-regex' ]
589 info install strip-ansi@3.0.0
590 verbose rebuildBundles [ 'ansi-regex' ]
591 info install has-ansi@2.0.0
592 info postinstall strip-ansi@3.0.0
593 info postinstall has-ansi@2.0.0
594 verbose unlock done using C:\Users\Dmitry\AppData\Roaming\npm-cache\_locks\strip-ansi-70ad512edba4611b.lock for D:\GitHub\MyBudget\MyBudget.Client\react\node_modules\run-sequence\node_modules\chalk\node_modules\strip-ansi
595 verbose unlock done using C:\Users\Dmitry\AppData\Roaming\npm-cache\_locks\has-ansi-f633d7630c373b73.lock for D:\GitHub\MyBudget\MyBudget.Client\react\node_modules\run-sequence\node_modules\chalk\node_modules\has-ansi
596 verbose about to build D:\GitHub\MyBudget\MyBudget.Client\react\node_modules\run-sequence\node_modules\chalk
597 info build D:\GitHub\MyBudget\MyBudget.Client\react\node_modules\run-sequence\node_modules\chalk
598 info linkStuff chalk@1.1.1
599 silly linkStuff chalk@1.1.1 has D:\GitHub\MyBudget\MyBudget.Client\react\node_modules\run-sequence\node_modules as its parent node_modules
600 verbose linkBins chalk@1.1.1
601 verbose linkMans chalk@1.1.1
602 verbose rebuildBundles chalk@1.1.1
603 verbose rebuildBundles [ 'ansi-styles',
603 verbose rebuildBundles   'escape-string-regexp',
603 verbose rebuildBundles   'has-ansi',
603 verbose rebuildBundles   'strip-ansi',
603 verbose rebuildBundles   'supports-color' ]
604 info install chalk@1.1.1
605 info postinstall chalk@1.1.1
606 verbose unlock done using C:\Users\Dmitry\AppData\Roaming\npm-cache\_locks\chalk-12e6473c5bab412b.lock for D:\GitHub\MyBudget\MyBudget.Client\react\node_modules\run-sequence\node_modules\chalk
607 verbose about to build D:\GitHub\MyBudget\MyBudget.Client\react\node_modules\run-sequence
608 info build D:\GitHub\MyBudget\MyBudget.Client\react\node_modules\run-sequence
609 info linkStuff run-sequence@1.1.5
610 silly linkStuff run-sequence@1.1.5 has D:\GitHub\MyBudget\MyBudget.Client\react\node_modules as its parent node_modules
611 verbose linkBins run-sequence@1.1.5
612 verbose linkMans run-sequence@1.1.5
613 verbose rebuildBundles run-sequence@1.1.5
614 verbose rebuildBundles [ 'chalk' ]
615 info install run-sequence@1.1.5
616 info postinstall run-sequence@1.1.5
617 verbose unlock done using C:\Users\Dmitry\AppData\Roaming\npm-cache\_locks\run-sequence-84168dc55730baeb.lock for D:\GitHub\MyBudget\MyBudget.Client\react\node_modules\run-sequence
618 verbose validateInstall loading D:\GitHub\MyBudget\MyBudget.Client\react\package.json for validation
619 verbose stack Error: The package react@0.13.3 does not satisfy its siblings' peerDependencies requirements!
619 verbose stack     at C:\Program Files\nodejs\node_modules\npm\lib\install.js:125:32
619 verbose stack     at C:\Program Files\nodejs\node_modules\npm\lib\install.js:268:7
619 verbose stack     at C:\Program Files\nodejs\node_modules\npm\node_modules\read-installed\read-installed.js:142:5
619 verbose stack     at C:\Program Files\nodejs\node_modules\npm\node_modules\read-installed\read-installed.js:263:14
619 verbose stack     at cb (C:\Program Files\nodejs\node_modules\npm\node_modules\slide\lib\async-map.js:47:24)
619 verbose stack     at C:\Program Files\nodejs\node_modules\npm\node_modules\read-installed\read-installed.js:263:14
619 verbose stack     at cb (C:\Program Files\nodejs\node_modules\npm\node_modules\slide\lib\async-map.js:47:24)
619 verbose stack     at C:\Program Files\nodejs\node_modules\npm\node_modules\read-installed\read-installed.js:263:14
619 verbose stack     at cb (C:\Program Files\nodejs\node_modules\npm\node_modules\slide\lib\async-map.js:47:24)
619 verbose stack     at C:\Program Files\nodejs\node_modules\npm\node_modules\read-installed\read-installed.js:263:14
620 verbose cwd D:\GitHub\MyBudget\MyBudget.Client\react
621 error Windows_NT 10.0.10240
622 error argv "C:\\Program Files\\nodejs\\node.exe" "C:\\Program Files\\nodejs\\node_modules\\npm\\bin\\npm-cli.js" "install" "run-sequence"
623 error node v4.2.4
624 error npm  v2.14.12
625 error code EPEERINVALID
626 error peerinvalid The package react@0.13.3 does not satisfy its siblings' peerDependencies requirements!
626 error peerinvalid Peer material-ui@0.7.5 wants react@>=0.13
626 error peerinvalid Peer react-tap-event-plugin@0.1.8 wants react@^0.14.0-0 || ~0.13.x || ~0.12.x
626 error peerinvalid Peer react-dom@0.14.6 wants react@^0.14.6
627 verbose exit [ 1, true ]
